#
# There is insufficient memory for the Java Runtime Environment to continue.
# Native memory allocation (mmap) failed to map 18874368 bytes for G1 virtual space
# Possible reasons:
#   The system is out of physical RAM or swap space
#   The process is running with CompressedOops enabled, and the Java Heap may be blocking the growth of the native heap
# Possible solutions:
#   Reduce memory load on the system
#   Increase physical memory or swap space
#   Check if swap backing store is full
#   Decrease Java heap size (-Xmx/-Xms)
#   Decrease number of Java threads
#   Decrease Java thread stack sizes (-Xss)
#   Set larger code cache with -XX:ReservedCodeCacheSize=
#   JVM is running with Unscaled Compressed Oops mode in which the Java heap is
#     placed in the first 4GB address space. The Java Heap base address is the
#     maximum limit for the native heap growth. Please use -XX:HeapBaseMinAddress
#     to set the Java Heap base and to place the Java Heap above 4GB virtual address.
# This output file may be truncated or incomplete.
#
#  Out of Memory Error (os_windows.cpp:3771), pid=7956, tid=2796
#
# JRE version: OpenJDK Runtime Environment (17.0.7) (build 17.0.7+0-b2043.56-10550314)
# Java VM: OpenJDK 64-Bit Server VM (17.0.7+0-b2043.56-10550314, mixed mode, tiered, compressed oops, compressed class ptrs, g1 gc, windows-amd64)
# No core dump will be written. Minidumps are not enabled by default on client versions of Windows
#

---------------  S U M M A R Y ------------

Command Line: --add-opens=java.base/java.util=ALL-UNNAMED --add-opens=java.base/java.lang=ALL-UNNAMED --add-opens=java.base/java.lang.invoke=ALL-UNNAMED --add-opens=java.prefs/java.util.prefs=ALL-UNNAMED --add-opens=java.base/java.nio.charset=ALL-UNNAMED --add-opens=java.base/java.net=ALL-UNNAMED --add-opens=java.base/java.util.concurrent.atomic=ALL-UNNAMED -Xmx2048m -Dfile.encoding=UTF-8 -Duser.country=US -Duser.language=en -Duser.variant -javaagent:C:\Users\Huynh Huu Nghia\.gradle\wrapper\dists\gradle-8.2-bin\bbg7u40eoinfdyxsxr3z4i7ta\gradle-8.2\lib\agents\gradle-instrumentation-agent-8.2.jar org.gradle.launcher.daemon.bootstrap.GradleDaemon 8.2

Host: Intel(R) Core(TM) i5-1035G1 CPU @ 1.00GHz, 8 cores, 7G,  Windows 10 , 64 bit Build 19041 (10.0.19041.4842)
Time: Sun Sep 22 11:33:14 2024 SE Asia Standard Time elapsed time: 14.373229 seconds (0d 0h 0m 14s)

---------------  T H R E A D  ---------------

Current thread (0x000001d57f8b6470):  VMThread "VM Thread" [stack: 0x0000003204200000,0x0000003204300000] [id=2796]

Stack: [0x0000003204200000,0x0000003204300000]
Native frames: (J=compiled Java code, j=interpreted, Vv=VM code, C=native code)
V  [jvm.dll+0x683bfa]
V  [jvm.dll+0x8430a4]
V  [jvm.dll+0x8449be]
V  [jvm.dll+0x845023]
V  [jvm.dll+0x24ad2f]
V  [jvm.dll+0x680ac9]
V  [jvm.dll+0x67519a]
V  [jvm.dll+0x30b3cb]
V  [jvm.dll+0x312876]
V  [jvm.dll+0x36221e]
V  [jvm.dll+0x36244f]
V  [jvm.dll+0x2e14a8]
V  [jvm.dll+0x2df684]
V  [jvm.dll+0x2dec8c]
V  [jvm.dll+0x32382b]
V  [jvm.dll+0x8496eb]
V  [jvm.dll+0x84a424]
V  [jvm.dll+0x84a93d]
V  [jvm.dll+0x84ad14]
V  [jvm.dll+0x84ade0]
V  [jvm.dll+0x7f2aea]
V  [jvm.dll+0x682a35]
C  [ucrtbase.dll+0x21bb2]
C  [KERNEL32.DLL+0x17374]
C  [ntdll.dll+0x4cc91]

VM_Operation (0x0000003205af5900): G1CollectForAllocation, mode: safepoint, requested by thread 0x000001d5083f56b0


---------------  P R O C E S S  ---------------

Threads class SMR info:
_java_thread_list=0x000001d509c2a0d0, length=52, elements={
0x000001d569d68de0, 0x000001d508017050, 0x000001d508017b10, 0x000001d57f8b84a0,
0x000001d50805d000, 0x000001d50805f8d0, 0x000001d508060190, 0x000001d508060d80,
0x000001d508061680, 0x000001d508061f80, 0x000001d50813b4f0, 0x000001d5083f39d0,
0x000001d5083f4370, 0x000001d5083f3ea0, 0x000001d5083f6050, 0x000001d5083f6520,
0x000001d5083f4840, 0x000001d5083f51e0, 0x000001d5083f56b0, 0x000001d5083f5b80,
0x000001d5083f69f0, 0x000001d5083f6ec0, 0x000001d50b099bb0, 0x000001d50b09aa20,
0x000001d50b097060, 0x000001d50b097ed0, 0x000001d50b098d40, 0x000001d50b09a080,
0x000001d50b099210, 0x000001d50b097530, 0x000001d50b097a00, 0x000001d50b0983a0,
0x000001d50b098870, 0x000001d50b09a550, 0x000001d50b0996e0, 0x000001d50c31eb90,
0x000001d50c322a20, 0x000001d50c323890, 0x000001d50c323d60, 0x000001d50c3203a0,
0x000001d50c324230, 0x000001d50c31fa00, 0x000001d50c324bd0, 0x000001d50c324700,
0x000001d50c3250a0, 0x000001d50c325570, 0x000001d50c320d40, 0x000001d50c31e6c0,
0x000001d50c325a40, 0x000001d50c321bb0, 0x000001d50c322ef0, 0x000001d50c321210
}

Java Threads: ( => current thread )
  0x000001d569d68de0 JavaThread "main" [_thread_blocked, id=11824, stack(0x0000003203c00000,0x0000003203d00000)]
  0x000001d508017050 JavaThread "Reference Handler" daemon [_thread_blocked, id=10964, stack(0x0000003204300000,0x0000003204400000)]
  0x000001d508017b10 JavaThread "Finalizer" daemon [_thread_blocked, id=5520, stack(0x0000003204400000,0x0000003204500000)]
  0x000001d57f8b84a0 JavaThread "Signal Dispatcher" daemon [_thread_blocked, id=6260, stack(0x0000003204500000,0x0000003204600000)]
  0x000001d50805d000 JavaThread "Attach Listener" daemon [_thread_blocked, id=10448, stack(0x0000003204600000,0x0000003204700000)]
  0x000001d50805f8d0 JavaThread "Service Thread" daemon [_thread_blocked, id=10756, stack(0x0000003204700000,0x0000003204800000)]
  0x000001d508060190 JavaThread "Monitor Deflation Thread" daemon [_thread_blocked, id=1112, stack(0x0000003204800000,0x0000003204900000)]
  0x000001d508060d80 JavaThread "C2 CompilerThread0" daemon [_thread_blocked, id=5088, stack(0x0000003204900000,0x0000003204a00000)]
  0x000001d508061680 JavaThread "C1 CompilerThread0" daemon [_thread_blocked, id=13528, stack(0x0000003204a00000,0x0000003204b00000)]
  0x000001d508061f80 JavaThread "Sweeper thread" daemon [_thread_blocked, id=7212, stack(0x0000003204b00000,0x0000003204c00000)]
  0x000001d50813b4f0 JavaThread "Common-Cleaner" daemon [_thread_blocked, id=3660, stack(0x0000003204c00000,0x0000003204d00000)]
  0x000001d5083f39d0 JavaThread "Notification Thread" daemon [_thread_blocked, id=7008, stack(0x0000003204d00000,0x0000003204e00000)]
  0x000001d5083f4370 JavaThread "Daemon health stats" [_thread_blocked, id=11932, stack(0x0000003205400000,0x0000003205500000)]
  0x000001d5083f3ea0 JavaThread "Incoming local TCP Connector on port 60629" [_thread_in_native, id=15040, stack(0x0000003205500000,0x0000003205600000)]
  0x000001d5083f6050 JavaThread "Daemon periodic checks" [_thread_blocked, id=2092, stack(0x0000003205600000,0x0000003205700000)]
  0x000001d5083f6520 JavaThread "Daemon" [_thread_blocked, id=5720, stack(0x0000003205700000,0x0000003205800000)]
  0x000001d5083f4840 JavaThread "Handler for socket connection from /127.0.0.1:60629 to /127.0.0.1:60630" [_thread_in_native, id=9276, stack(0x0000003205800000,0x0000003205900000)]
  0x000001d5083f51e0 JavaThread "Cancel handler" [_thread_blocked, id=14964, stack(0x0000003205900000,0x0000003205a00000)]
  0x000001d5083f56b0 JavaThread "Daemon worker" [_thread_blocked, id=2052, stack(0x0000003205a00000,0x0000003205b00000)]
  0x000001d5083f5b80 JavaThread "Asynchronous log dispatcher for DefaultDaemonConnection: socket connection from /127.0.0.1:60629 to /127.0.0.1:60630" [_thread_blocked, id=3024, stack(0x0000003205b00000,0x0000003205c00000)]
  0x000001d5083f69f0 JavaThread "Stdin handler" [_thread_blocked, id=4636, stack(0x0000003205c00000,0x0000003205d00000)]
  0x000001d5083f6ec0 JavaThread "Daemon client event forwarder" [_thread_blocked, id=7788, stack(0x0000003205d00000,0x0000003205e00000)]
  0x000001d50b099bb0 JavaThread "Cache worker for journal cache (C:\Users\Huynh Huu Nghia\.gradle\caches\journal-1)" [_thread_blocked, id=15308, stack(0x0000003206200000,0x0000003206300000)]
  0x000001d50b09aa20 JavaThread "File lock request listener" [_thread_in_native, id=1940, stack(0x0000003206300000,0x0000003206400000)]
  0x000001d50b097060 JavaThread "Cache worker for file hash cache (C:\Users\Huynh Huu Nghia\.gradle\caches\8.2\fileHashes)" [_thread_blocked, id=5308, stack(0x0000003206400000,0x0000003206500000)]
  0x000001d50b097ed0 JavaThread "File watcher server" daemon [_thread_in_native, id=3976, stack(0x0000003206500000,0x0000003206600000)]
  0x000001d50b098d40 JavaThread "File watcher consumer" daemon [_thread_blocked, id=10692, stack(0x0000003206600000,0x0000003206700000)]
  0x000001d50b09a080 JavaThread "Cache worker for checksums cache (C:\IT\TomatoSystem\tomato\.gradle\8.2\checksums)" [_thread_blocked, id=12560, stack(0x0000003206700000,0x0000003206800000)]
  0x000001d50b099210 JavaThread "Cache worker for cache directory md-rule (C:\Users\Huynh Huu Nghia\.gradle\caches\8.2\md-rule)" [_thread_blocked, id=11212, stack(0x0000003206800000,0x0000003206900000)]
  0x000001d50b097530 JavaThread "Cache worker for file content cache (C:\Users\Huynh Huu Nghia\.gradle\caches\8.2\fileContent)" [_thread_blocked, id=4660, stack(0x0000003206900000,0x0000003206a00000)]
  0x000001d50b097a00 JavaThread "Cache worker for file hash cache (C:\IT\TomatoSystem\tomato\.gradle\8.2\fileHashes)" [_thread_blocked, id=4332, stack(0x0000003206a00000,0x0000003206b00000)]
  0x000001d50b0983a0 JavaThread "Cache worker for cache directory md-supplier (C:\Users\Huynh Huu Nghia\.gradle\caches\8.2\md-supplier)" [_thread_blocked, id=4964, stack(0x0000003206b00000,0x0000003206c00000)]
  0x000001d50b098870 JavaThread "Cache worker for execution history cache (C:\Users\Huynh Huu Nghia\.gradle\caches\8.2\executionHistory)" [_thread_blocked, id=1204, stack(0x0000003206c00000,0x0000003206d00000)]
  0x000001d50b09a550 JavaThread "jar transforms" [_thread_blocked, id=9908, stack(0x0000003206d00000,0x0000003206e00000)]
  0x000001d50b0996e0 JavaThread "jar transforms Thread 2" [_thread_blocked, id=10628, stack(0x0000003206e00000,0x0000003206f00000)]
  0x000001d50c31eb90 JavaThread "jar transforms Thread 3" [_thread_blocked, id=10608, stack(0x0000003206f00000,0x0000003207000000)]
  0x000001d50c322a20 JavaThread "jar transforms Thread 4" [_thread_blocked, id=13168, stack(0x0000003207000000,0x0000003207100000)]
  0x000001d50c323890 JavaThread "Cache worker for dependencies-accessors (C:\IT\TomatoSystem\tomato\.gradle\8.2\dependencies-accessors)" [_thread_blocked, id=10380, stack(0x0000003207100000,0x0000003207200000)]
  0x000001d50c323d60 JavaThread "jar transforms Thread 5" [_thread_blocked, id=2964, stack(0x0000003207200000,0x0000003207300000)]
  0x000001d50c3203a0 JavaThread "Cache worker for Build Output Cleanup Cache (C:\IT\TomatoSystem\tomato\.gradle\buildOutputCleanup)" [_thread_blocked, id=12264, stack(0x0000003207300000,0x0000003207400000)]
  0x000001d50c324230 JavaThread "Unconstrained build operations" [_thread_blocked, id=11880, stack(0x0000003207400000,0x0000003207500000)]
  0x000001d50c31fa00 JavaThread "Unconstrained build operations Thread 2" [_thread_blocked, id=14296, stack(0x0000003207500000,0x0000003207600000)]
  0x000001d50c324bd0 JavaThread "Unconstrained build operations Thread 3" [_thread_blocked, id=11616, stack(0x0000003207600000,0x0000003207700000)]
  0x000001d50c324700 JavaThread "Unconstrained build operations Thread 4" [_thread_blocked, id=15336, stack(0x0000003207700000,0x0000003207800000)]
  0x000001d50c3250a0 JavaThread "Unconstrained build operations Thread 5" [_thread_blocked, id=2332, stack(0x0000003207800000,0x0000003207900000)]
  0x000001d50c325570 JavaThread "Unconstrained build operations Thread 6" [_thread_blocked, id=11856, stack(0x0000003207900000,0x0000003207a00000)]
  0x000001d50c320d40 JavaThread "Unconstrained build operations Thread 7" [_thread_blocked, id=7356, stack(0x0000003207a00000,0x0000003207b00000)]
  0x000001d50c31e6c0 JavaThread "jar transforms Thread 6" [_thread_blocked, id=9580, stack(0x0000003207b00000,0x0000003207c00000)]
  0x000001d50c325a40 JavaThread "jar transforms Thread 7" [_thread_blocked, id=6752, stack(0x0000003207c00000,0x0000003207d00000)]
  0x000001d50c321bb0 JavaThread "jar transforms Thread 8" [_thread_blocked, id=11140, stack(0x0000003207d00000,0x0000003207e00000)]
  0x000001d50c322ef0 JavaThread "build event listener" [_thread_blocked, id=12988, stack(0x0000003204f00000,0x0000003205000000)]
  0x000001d50c321210 JavaThread "Memory manager" [_thread_blocked, id=7824, stack(0x0000003207e00000,0x0000003207f00000)]

Other Threads:
=>0x000001d57f8b6470 VMThread "VM Thread" [stack: 0x0000003204200000,0x0000003204300000] [id=2796]
  0x000001d569dd94a0 WatcherThread [stack: 0x0000003204e00000,0x0000003204f00000] [id=9840]
  0x000001d567c0e830 GCTaskThread "GC Thread#0" [stack: 0x0000003203d00000,0x0000003203e00000] [id=10960]
  0x000001d508abc6f0 GCTaskThread "GC Thread#1" [stack: 0x0000003205000000,0x0000003205100000] [id=1084]
  0x000001d508abcc50 GCTaskThread "GC Thread#2" [stack: 0x0000003205100000,0x0000003205200000] [id=12540]
  0x000001d508abb980 GCTaskThread "GC Thread#3" [stack: 0x0000003205200000,0x0000003205300000] [id=3204]
  0x000001d508abcf00 GCTaskThread "GC Thread#4" [stack: 0x0000003205300000,0x0000003205400000] [id=11708]
  0x000001d508abc190 GCTaskThread "GC Thread#5" [stack: 0x0000003205e00000,0x0000003205f00000] [id=10560]
  0x000001d508abc440 GCTaskThread "GC Thread#6" [stack: 0x0000003205f00000,0x0000003206000000] [id=11792]
  0x000001d508abc9a0 GCTaskThread "GC Thread#7" [stack: 0x0000003206000000,0x0000003206100000] [id=6124]
  0x000001d569dd1eb0 ConcurrentGCThread "G1 Main Marker" [stack: 0x0000003203e00000,0x0000003203f00000] [id=10576]
  0x000001d569dd3f80 ConcurrentGCThread "G1 Conc#0" [stack: 0x0000003203f00000,0x0000003204000000] [id=1448]
  0x000001d50aab9fd0 ConcurrentGCThread "G1 Conc#1" [stack: 0x0000003206100000,0x0000003206200000] [id=12032]
  0x000001d57f723f50 ConcurrentGCThread "G1 Refine#0" [stack: 0x0000003204000000,0x0000003204100000] [id=10008]
  0x000001d57f724880 ConcurrentGCThread "G1 Service" [stack: 0x0000003204100000,0x0000003204200000] [id=5452]

Threads with active compile tasks:
C2 CompilerThread0    14396 6144       4       org.gradle.internal.instantiation.generator.AbstractClassGenerator$InjectionAnnotationValidator::validateMethod (166 bytes)
C1 CompilerThread0    14396 6404       3       org.objectweb.asm.Frame::push (59 bytes)

VM state: at safepoint (normal execution)

VM Mutex/Monitor currently owned by a thread:  ([mutex/lock_event])
[0x000001d569d63a70] Threads_lock - owner thread: 0x000001d57f8b6470
[0x000001d569d64be0] Heap_lock - owner thread: 0x000001d5083f56b0

Heap address: 0x0000000080000000, size: 2048 MB, Compressed Oops mode: 32-bit

CDS archive(s) not mapped
Compressed class space mapped at: 0x0000000100000000-0x0000000140000000, reserved size: 1073741824
Narrow klass base: 0x0000000000000000, Narrow klass shift: 3, Narrow klass range: 0x140000000

GC Precious Log:
 CPUs: 8 total, 8 available
 Memory: 7969M
 Large Page Support: Disabled
 NUMA Support: Disabled
 Compressed Oops: Enabled (32-bit)
 Heap Region Size: 1M
 Heap Min Capacity: 8M
 Heap Initial Capacity: 126M
 Heap Max Capacity: 2G
 Pre-touch: Disabled
 Parallel Workers: 8
 Concurrent Workers: 2
 Concurrent Refinement Workers: 8
 Periodic GC: Disabled

Heap:
 garbage-first heap   total 110592K, used 56814K [0x0000000080000000, 0x0000000100000000)
  region size 1024K, 1 young (1024K), 1 survivors (1024K)
 Metaspace       used 65826K, committed 66368K, reserved 1114112K
  class space    used 8757K, committed 9024K, reserved 1048576K

Heap Regions: E=young(eden), S=young(survivor), O=old, HS=humongous(starts), HC=humongous(continues), CS=collection set, F=free, OA=open archive, CA=closed archive, TAMS=top-at-mark-start (previous, next)
|   0|0x0000000080000000, 0x0000000080100000, 0x0000000080100000|100%|HS|  |TAMS 0x0000000080100000, 0x0000000080000000| Complete 
|   1|0x0000000080100000, 0x0000000080200000, 0x0000000080200000|100%|HC|  |TAMS 0x0000000080200000, 0x0000000080100000| Complete 
|   2|0x0000000080200000, 0x0000000080300000, 0x0000000080300000|100%|HC|  |TAMS 0x0000000080300000, 0x0000000080200000| Complete 
|   3|0x0000000080300000, 0x0000000080400000, 0x0000000080400000|100%|HC|  |TAMS 0x0000000080400000, 0x0000000080300000| Complete 
|   4|0x0000000080400000, 0x0000000080500000, 0x0000000080500000|100%| O|  |TAMS 0x0000000080500000, 0x0000000080400000| Untracked 
|   5|0x0000000080500000, 0x0000000080600000, 0x0000000080600000|100%| O|  |TAMS 0x0000000080600000, 0x0000000080500000| Untracked 
|   6|0x0000000080600000, 0x0000000080700000, 0x0000000080700000|100%| O|  |TAMS 0x0000000080700000, 0x0000000080600000| Untracked 
|   7|0x0000000080700000, 0x0000000080800000, 0x0000000080800000|100%| O|  |TAMS 0x0000000080800000, 0x0000000080700000| Untracked 
|   8|0x0000000080800000, 0x0000000080900000, 0x0000000080900000|100%| O|  |TAMS 0x0000000080900000, 0x0000000080800000| Untracked 
|   9|0x0000000080900000, 0x0000000080a00000, 0x0000000080a00000|100%| O|  |TAMS 0x0000000080a00000, 0x0000000080900000| Untracked 
|  10|0x0000000080a00000, 0x0000000080b00000, 0x0000000080b00000|100%| O|  |TAMS 0x0000000080b00000, 0x0000000080a00000| Untracked 
|  11|0x0000000080b00000, 0x0000000080c00000, 0x0000000080c00000|100%| O|  |TAMS 0x0000000080c00000, 0x0000000080b00000| Untracked 
|  12|0x0000000080c00000, 0x0000000080d00000, 0x0000000080d00000|100%| O|  |TAMS 0x0000000080d00000, 0x0000000080c00000| Untracked 
|  13|0x0000000080d00000, 0x0000000080e00000, 0x0000000080e00000|100%| O|  |TAMS 0x0000000080e00000, 0x0000000080d00000| Untracked 
|  14|0x0000000080e00000, 0x0000000080f00000, 0x0000000080f00000|100%| O|  |TAMS 0x0000000080f00000, 0x0000000080e00000| Untracked 
|  15|0x0000000080f00000, 0x0000000081000000, 0x0000000081000000|100%| O|  |TAMS 0x0000000081000000, 0x0000000080f00000| Untracked 
|  16|0x0000000081000000, 0x0000000081100000, 0x0000000081100000|100%| O|  |TAMS 0x0000000081100000, 0x0000000081000000| Untracked 
|  17|0x0000000081100000, 0x0000000081200000, 0x0000000081200000|100%| O|  |TAMS 0x0000000081200000, 0x0000000081100000| Untracked 
|  18|0x0000000081200000, 0x0000000081300000, 0x0000000081300000|100%| O|  |TAMS 0x0000000081300000, 0x0000000081200000| Untracked 
|  19|0x0000000081300000, 0x0000000081400000, 0x0000000081400000|100%| O|  |TAMS 0x0000000081400000, 0x0000000081300000| Untracked 
|  20|0x0000000081400000, 0x0000000081400000, 0x0000000081500000|  0%| F|  |TAMS 0x0000000081400000, 0x0000000081400000| Untracked 
|  21|0x0000000081500000, 0x0000000081600000, 0x0000000081600000|100%| O|  |TAMS 0x0000000081600000, 0x0000000081500000| Untracked 
|  22|0x0000000081600000, 0x0000000081700000, 0x0000000081700000|100%| O|  |TAMS 0x0000000081700000, 0x0000000081600000| Untracked 
|  23|0x0000000081700000, 0x0000000081800000, 0x0000000081800000|100%|HS|  |TAMS 0x0000000081800000, 0x0000000081700000| Complete 
|  24|0x0000000081800000, 0x0000000081900000, 0x0000000081900000|100%|HS|  |TAMS 0x0000000081900000, 0x0000000081800000| Complete 
|  25|0x0000000081900000, 0x0000000081a00000, 0x0000000081a00000|100%| O|  |TAMS 0x0000000081a00000, 0x0000000081900000| Untracked 
|  26|0x0000000081a00000, 0x0000000081b00000, 0x0000000081b00000|100%| O|  |TAMS 0x0000000081b00000, 0x0000000081a00000| Untracked 
|  27|0x0000000081b00000, 0x0000000081c00000, 0x0000000081c00000|100%| O|  |TAMS 0x0000000081c00000, 0x0000000081b00000| Untracked 
|  28|0x0000000081c00000, 0x0000000081d00000, 0x0000000081d00000|100%| O|  |TAMS 0x0000000081d00000, 0x0000000081c00000| Untracked 
|  29|0x0000000081d00000, 0x0000000081e00000, 0x0000000081e00000|100%| O|  |TAMS 0x0000000081e00000, 0x0000000081d00000| Untracked 
|  30|0x0000000081e00000, 0x0000000081f00000, 0x0000000081f00000|100%| O|  |TAMS 0x0000000081f00000, 0x0000000081e00000| Untracked 
|  31|0x0000000081f00000, 0x0000000082000000, 0x0000000082000000|100%| O|  |TAMS 0x0000000082000000, 0x0000000081f00000| Untracked 
|  32|0x0000000082000000, 0x0000000082100000, 0x0000000082100000|100%|HS|  |TAMS 0x0000000082100000, 0x0000000082000000| Complete 
|  33|0x0000000082100000, 0x0000000082200000, 0x0000000082200000|100%| O|  |TAMS 0x0000000082200000, 0x0000000082100000| Untracked 
|  34|0x0000000082200000, 0x0000000082300000, 0x0000000082300000|100%|HS|  |TAMS 0x0000000082300000, 0x0000000082200000| Complete 
|  35|0x0000000082300000, 0x0000000082400000, 0x0000000082400000|100%| O|  |TAMS 0x0000000082400000, 0x0000000082300000| Untracked 
|  36|0x0000000082400000, 0x0000000082500000, 0x0000000082500000|100%| O|  |TAMS 0x0000000082500000, 0x0000000082400000| Untracked 
|  37|0x0000000082500000, 0x0000000082600000, 0x0000000082600000|100%| O|  |TAMS 0x0000000082600000, 0x0000000082500000| Untracked 
|  38|0x0000000082600000, 0x0000000082700000, 0x0000000082700000|100%| O|  |TAMS 0x0000000082700000, 0x0000000082600000| Untracked 
|  39|0x0000000082700000, 0x0000000082800000, 0x0000000082800000|100%| O|  |TAMS 0x0000000082800000, 0x0000000082700000| Untracked 
|  40|0x0000000082800000, 0x0000000082900000, 0x0000000082900000|100%| O|  |TAMS 0x0000000082900000, 0x0000000082800000| Untracked 
|  41|0x0000000082900000, 0x0000000082a00000, 0x0000000082a00000|100%| O|  |TAMS 0x0000000082a00000, 0x0000000082900000| Untracked 
|  42|0x0000000082a00000, 0x0000000082b00000, 0x0000000082b00000|100%| O|  |TAMS 0x0000000082b00000, 0x0000000082a00000| Untracked 
|  43|0x0000000082b00000, 0x0000000082c00000, 0x0000000082c00000|100%| O|  |TAMS 0x0000000082c00000, 0x0000000082b00000| Untracked 
|  44|0x0000000082c00000, 0x0000000082d00000, 0x0000000082d00000|100%| O|  |TAMS 0x0000000082d00000, 0x0000000082c00000| Untracked 
|  45|0x0000000082d00000, 0x0000000082e00000, 0x0000000082e00000|100%|HS|  |TAMS 0x0000000082e00000, 0x0000000082d00000| Complete 
|  46|0x0000000082e00000, 0x0000000082f00000, 0x0000000082f00000|100%| O|  |TAMS 0x0000000082e00000, 0x0000000082e00000| Untracked 
|  47|0x0000000082f00000, 0x0000000083000000, 0x0000000083000000|100%| O|  |TAMS 0x0000000083000000, 0x0000000082f00000| Untracked 
|  48|0x0000000083000000, 0x0000000083100000, 0x0000000083100000|100%| O|  |TAMS 0x0000000083100000, 0x0000000083000000| Untracked 
|  49|0x0000000083100000, 0x0000000083200000, 0x0000000083200000|100%| O|  |TAMS 0x000000008313b600, 0x0000000083100000| Untracked 
|  50|0x0000000083200000, 0x0000000083300000, 0x0000000083300000|100%| O|  |TAMS 0x0000000083200000, 0x0000000083200000| Untracked 
|  51|0x0000000083300000, 0x0000000083300000, 0x0000000083400000|  0%| F|  |TAMS 0x0000000083300000, 0x0000000083300000| Untracked 
|  52|0x0000000083400000, 0x0000000083400000, 0x0000000083500000|  0%| F|  |TAMS 0x0000000083400000, 0x0000000083400000| Untracked 
|  53|0x0000000083500000, 0x0000000083600000, 0x0000000083600000|100%| O|  |TAMS 0x0000000083500000, 0x0000000083500000| Untracked 
|  54|0x0000000083600000, 0x0000000083600000, 0x0000000083700000|  0%| F|  |TAMS 0x0000000083600000, 0x0000000083600000| Untracked 
|  55|0x0000000083700000, 0x0000000083800000, 0x0000000083800000|100%| O|  |TAMS 0x0000000083700000, 0x0000000083700000| Untracked 
|  56|0x0000000083800000, 0x0000000083900000, 0x0000000083900000|100%| O|  |TAMS 0x0000000083800000, 0x0000000083800000| Untracked 
|  57|0x0000000083900000, 0x0000000083a00000, 0x0000000083a00000|100%| O|  |TAMS 0x0000000083900000, 0x0000000083900000| Untracked 
|  58|0x0000000083a00000, 0x0000000083b00000, 0x0000000083b00000|100%| O|  |TAMS 0x0000000083a00000, 0x0000000083a00000| Untracked 
|  59|0x0000000083b00000, 0x0000000083b00000, 0x0000000083c00000|  0%| F|  |TAMS 0x0000000083b00000, 0x0000000083b00000| Untracked 
|  60|0x0000000083c00000, 0x0000000083c00000, 0x0000000083d00000|  0%| F|  |TAMS 0x0000000083c00000, 0x0000000083c00000| Untracked 
|  61|0x0000000083d00000, 0x0000000083d00000, 0x0000000083e00000|  0%| F|  |TAMS 0x0000000083d00000, 0x0000000083d00000| Untracked 
|  62|0x0000000083e00000, 0x0000000083e00000, 0x0000000083f00000|  0%| F|  |TAMS 0x0000000083e00000, 0x0000000083e00000| Untracked 
|  63|0x0000000083f00000, 0x0000000083f00000, 0x0000000084000000|  0%| F|  |TAMS 0x0000000083f00000, 0x0000000083f00000| Untracked 
|  64|0x0000000084000000, 0x0000000084000000, 0x0000000084100000|  0%| F|  |TAMS 0x0000000084000000, 0x0000000084000000| Untracked 
|  65|0x0000000084100000, 0x0000000084100000, 0x0000000084200000|  0%| F|  |TAMS 0x0000000084100000, 0x0000000084100000| Untracked 
|  66|0x0000000084200000, 0x0000000084200000, 0x0000000084300000|  0%| F|  |TAMS 0x0000000084200000, 0x0000000084200000| Untracked 
|  67|0x0000000084300000, 0x0000000084300000, 0x0000000084400000|  0%| F|  |TAMS 0x0000000084300000, 0x0000000084300000| Untracked 
|  68|0x0000000084400000, 0x0000000084400000, 0x0000000084500000|  0%| F|  |TAMS 0x0000000084400000, 0x0000000084400000| Untracked 
|  69|0x0000000084500000, 0x0000000084500000, 0x0000000084600000|  0%| F|  |TAMS 0x0000000084500000, 0x0000000084500000| Untracked 
|  70|0x0000000084600000, 0x0000000084600000, 0x0000000084700000|  0%| F|  |TAMS 0x0000000084600000, 0x0000000084600000| Untracked 
|  71|0x0000000084700000, 0x0000000084700000, 0x0000000084800000|  0%| F|  |TAMS 0x0000000084700000, 0x0000000084700000| Untracked 
|  72|0x0000000084800000, 0x0000000084800000, 0x0000000084900000|  0%| F|  |TAMS 0x0000000084800000, 0x0000000084800000| Untracked 
|  73|0x0000000084900000, 0x0000000084900000, 0x0000000084a00000|  0%| F|  |TAMS 0x0000000084900000, 0x0000000084900000| Untracked 
|  74|0x0000000084a00000, 0x0000000084a00000, 0x0000000084b00000|  0%| F|  |TAMS 0x0000000084a00000, 0x0000000084a00000| Untracked 
|  75|0x0000000084b00000, 0x0000000084b00000, 0x0000000084c00000|  0%| F|  |TAMS 0x0000000084b00000, 0x0000000084b00000| Untracked 
|  76|0x0000000084c00000, 0x0000000084c00000, 0x0000000084d00000|  0%| F|  |TAMS 0x0000000084c00000, 0x0000000084c00000| Untracked 
|  77|0x0000000084d00000, 0x0000000084d00000, 0x0000000084e00000|  0%| F|  |TAMS 0x0000000084d00000, 0x0000000084d00000| Untracked 
|  78|0x0000000084e00000, 0x0000000084e00000, 0x0000000084f00000|  0%| F|  |TAMS 0x0000000084e00000, 0x0000000084e00000| Untracked 
|  79|0x0000000084f00000, 0x0000000084f00000, 0x0000000085000000|  0%| F|  |TAMS 0x0000000084f00000, 0x0000000084f00000| Untracked 
|  80|0x0000000085000000, 0x0000000085000000, 0x0000000085100000|  0%| F|  |TAMS 0x0000000085000000, 0x0000000085000000| Untracked 
|  81|0x0000000085100000, 0x0000000085100000, 0x0000000085200000|  0%| F|  |TAMS 0x0000000085100000, 0x0000000085100000| Untracked 
|  82|0x0000000085200000, 0x0000000085200000, 0x0000000085300000|  0%| F|  |TAMS 0x0000000085200000, 0x0000000085200000| Untracked 
|  83|0x0000000085300000, 0x0000000085300000, 0x0000000085400000|  0%| F|  |TAMS 0x0000000085300000, 0x0000000085300000| Untracked 
|  84|0x0000000085400000, 0x0000000085400000, 0x0000000085500000|  0%| F|  |TAMS 0x0000000085400000, 0x0000000085400000| Untracked 
|  85|0x0000000085500000, 0x0000000085500000, 0x0000000085600000|  0%| F|  |TAMS 0x0000000085500000, 0x0000000085500000| Untracked 
|  86|0x0000000085600000, 0x0000000085600000, 0x0000000085700000|  0%| F|  |TAMS 0x0000000085600000, 0x0000000085600000| Untracked 
|  87|0x0000000085700000, 0x0000000085700000, 0x0000000085800000|  0%| F|  |TAMS 0x0000000085700000, 0x0000000085700000| Untracked 
|  88|0x0000000085800000, 0x0000000085800000, 0x0000000085900000|  0%| F|  |TAMS 0x0000000085800000, 0x0000000085800000| Untracked 
|  89|0x0000000085900000, 0x0000000085900000, 0x0000000085a00000|  0%| F|  |TAMS 0x0000000085900000, 0x0000000085900000| Untracked 
|  90|0x0000000085a00000, 0x0000000085a00000, 0x0000000085b00000|  0%| F|  |TAMS 0x0000000085a00000, 0x0000000085a00000| Untracked 
|  91|0x0000000085b00000, 0x0000000085b00000, 0x0000000085c00000|  0%| F|  |TAMS 0x0000000085b00000, 0x0000000085b00000| Untracked 
|  92|0x0000000085c00000, 0x0000000085c00000, 0x0000000085d00000|  0%| F|  |TAMS 0x0000000085c00000, 0x0000000085c00000| Untracked 
|  93|0x0000000085d00000, 0x0000000085d00000, 0x0000000085e00000|  0%| F|  |TAMS 0x0000000085d00000, 0x0000000085d00000| Untracked 
|  94|0x0000000085e00000, 0x0000000085e00000, 0x0000000085f00000|  0%| F|  |TAMS 0x0000000085e00000, 0x0000000085e00000| Untracked 
|  95|0x0000000085f00000, 0x0000000085f00000, 0x0000000086000000|  0%| F|  |TAMS 0x0000000085f00000, 0x0000000085f00000| Untracked 
|  96|0x0000000086000000, 0x0000000086000000, 0x0000000086100000|  0%| F|  |TAMS 0x0000000086000000, 0x0000000086000000| Untracked 
|  97|0x0000000086100000, 0x0000000086100000, 0x0000000086200000|  0%| F|  |TAMS 0x0000000086100000, 0x0000000086100000| Untracked 
|  98|0x0000000086200000, 0x0000000086200000, 0x0000000086300000|  0%| F|  |TAMS 0x0000000086200000, 0x0000000086200000| Untracked 
|  99|0x0000000086300000, 0x0000000086300000, 0x0000000086400000|  0%| F|  |TAMS 0x0000000086300000, 0x0000000086300000| Untracked 
| 100|0x0000000086400000, 0x0000000086400000, 0x0000000086500000|  0%| F|  |TAMS 0x0000000086400000, 0x0000000086400000| Untracked 
| 101|0x0000000086500000, 0x0000000086500000, 0x0000000086600000|  0%| F|  |TAMS 0x0000000086500000, 0x0000000086500000| Untracked 
| 102|0x0000000086600000, 0x0000000086600000, 0x0000000086700000|  0%| F|  |TAMS 0x0000000086600000, 0x0000000086600000| Untracked 
| 103|0x0000000086700000, 0x0000000086700000, 0x0000000086800000|  0%| F|  |TAMS 0x0000000086700000, 0x0000000086700000| Untracked 
| 104|0x0000000086800000, 0x0000000086800000, 0x0000000086900000|  0%| F|  |TAMS 0x0000000086800000, 0x0000000086800000| Untracked 
| 105|0x0000000086900000, 0x000000008697bb60, 0x0000000086a00000| 48%| S|CS|TAMS 0x0000000086900000, 0x0000000086900000| Complete 
| 106|0x0000000086a00000, 0x0000000086a00000, 0x0000000086b00000|  0%| F|  |TAMS 0x0000000086a00000, 0x0000000086a00000| Untracked 
| 125|0x0000000087d00000, 0x0000000087d00000, 0x0000000087e00000|  0%| F|  |TAMS 0x0000000087d00000, 0x0000000087d00000| Untracked 

Card table byte_map: [0x000001d57c970000,0x000001d57cd70000] _byte_map_base: 0x000001d57c570000

Marking Bits (Prev, Next): (CMBitMap*) 0x000001d569dc17c0, (CMBitMap*) 0x000001d569dc1800
 Prev Bits: [0x000001d57d170000, 0x000001d57f170000)
 Next Bits: [0x000001d500000000, 0x000001d502000000)

Polling page: 0x000001d569530000

Metaspace:

Usage:
  Non-class:     55.73 MB used.
      Class:      8.55 MB used.
       Both:     64.28 MB used.

Virtual space:
  Non-class space:       64.00 MB reserved,      56.00 MB ( 88%) committed,  1 nodes.
      Class space:        1.00 GB reserved,       8.81 MB ( <1%) committed,  1 nodes.
             Both:        1.06 GB reserved,      64.81 MB (  6%) committed. 

Chunk freelists:
   Non-Class:  7.50 MB
       Class:  7.02 MB
        Both:  14.52 MB

MaxMetaspaceSize: unlimited
CompressedClassSpaceSize: 1.00 GB
Initial GC threshold: 21.00 MB
Current GC threshold: 105.25 MB
CDS: off
MetaspaceReclaimPolicy: balanced
 - commit_granule_bytes: 65536.
 - commit_granule_words: 8192.
 - virtual_space_node_default_size: 8388608.
 - enlarge_chunks_in_place: 1.
 - new_chunks_are_fully_committed: 0.
 - uncommit_free_chunks: 1.
 - use_allocation_guard: 0.
 - handle_deallocations: 1.


Internal statistics:

num_allocs_failed_limit: 6.
num_arena_births: 616.
num_arena_deaths: 0.
num_vsnodes_births: 2.
num_vsnodes_deaths: 0.
num_space_committed: 1037.
num_space_uncommitted: 0.
num_chunks_returned_to_freelist: 6.
num_chunks_taken_from_freelist: 2765.
num_chunk_merges: 6.
num_chunk_splits: 1845.
num_chunks_enlarged: 1252.
num_inconsistent_stats: 0.

CodeHeap 'non-profiled nmethods': size=120000Kb used=2996Kb max_used=3422Kb free=117004Kb
 bounds [0x000001d574d10000, 0x000001d575090000, 0x000001d57c240000]
CodeHeap 'profiled nmethods': size=120000Kb used=10526Kb max_used=11173Kb free=109473Kb
 bounds [0x000001d56d240000, 0x000001d56dd30000, 0x000001d574770000]
CodeHeap 'non-nmethods': size=5760Kb used=2361Kb max_used=2414Kb free=3398Kb
 bounds [0x000001d574770000, 0x000001d5749e0000, 0x000001d574d10000]
 total_blobs=6435 nmethods=5560 adapters=786
 compilation: enabled
              stopped_count=0, restarted_count=0
 full_count=0

Compilation events (20 events):
Event: 14.364 Thread 0x000001d508061680 nmethod 6398 0x000001d574d6e790 code [0x000001d574d6e920, 0x000001d574d6e9d8]
Event: 14.364 Thread 0x000001d508061680 6400       1       com.android.build.gradle.internal.dsl.decorator.SupportedPropertyType$Block::getImplementationType (5 bytes)
Event: 14.364 Thread 0x000001d508061680 nmethod 6400 0x000001d574d6e490 code [0x000001d574d6e620, 0x000001d574d6e6f8]
Event: 14.364 Thread 0x000001d508061680 6401       1       com.android.build.gradle.internal.dsl.decorator.SupportedPropertyType$Var::getType (5 bytes)
Event: 14.364 Thread 0x000001d508061680 nmethod 6401 0x000001d574d6e110 code [0x000001d574d6e2a0, 0x000001d574d6e378]
Event: 14.364 Thread 0x000001d508061680 6402       1       com.android.build.gradle.internal.dsl.decorator.SupportedPropertyType$Block::getType (5 bytes)
Event: 14.364 Thread 0x000001d508061680 nmethod 6402 0x000001d574d1ba10 code [0x000001d574d1bba0, 0x000001d574d1bc78]
Event: 14.364 Thread 0x000001d508061680 6403       3       org.objectweb.asm.Type::getArgumentsAndReturnSizes (140 bytes)
Event: 14.365 Thread 0x000001d508061680 nmethod 6403 0x000001d56d800990 code [0x000001d56d800da0, 0x000001d56d802d58]
Event: 14.365 Thread 0x000001d508061680 6406       3       org.objectweb.asm.SymbolTable::addType (81 bytes)
Event: 14.366 Thread 0x000001d508061680 nmethod 6406 0x000001d56da16390 code [0x000001d56da165a0, 0x000001d56da16af8]
Event: 14.366 Thread 0x000001d508061680 6407       3       org.objectweb.asm.Type::getReturnTypeOffset (64 bytes)
Event: 14.366 Thread 0x000001d508061680 nmethod 6407 0x000001d56da14190 code [0x000001d56da144c0, 0x000001d56da15998]
Event: 14.366 Thread 0x000001d508061680 6410       3       sun.reflect.annotation.AnnotationParser::parseStringArray (85 bytes)
Event: 14.367 Thread 0x000001d508061680 nmethod 6410 0x000001d56d85f510 code [0x000001d56d85f720, 0x000001d56d85fea8]
Event: 14.367 Thread 0x000001d508061680 6408       3       org.objectweb.asm.Frame::pop (44 bytes)
Event: 14.367 Thread 0x000001d508061680 nmethod 6408 0x000001d56d2bb090 code [0x000001d56d2bb220, 0x000001d56d2bb3b8]
Event: 14.367 Thread 0x000001d508061680 6404       3       org.objectweb.asm.Frame::push (59 bytes)
Event: 14.367 Thread 0x000001d508060d80 nmethod 6256 0x000001d574d1af10 code [0x000001d574d1b0c0, 0x000001d574d1b708]
Event: 14.367 Thread 0x000001d508060d80 6144       4       org.gradle.internal.instantiation.generator.AbstractClassGenerator$InjectionAnnotationValidator::validateMethod (166 bytes)

GC Heap History (20 events):
Event: 5.478 GC heap after
{Heap after GC invocations=12 (full 0):
 garbage-first heap   total 86016K, used 34562K [0x0000000080000000, 0x0000000100000000)
  region size 1024K, 2 young (2048K), 2 survivors (2048K)
 Metaspace       used 49416K, committed 49856K, reserved 1114112K
  class space    used 6574K, committed 6784K, reserved 1048576K
}
Event: 6.186 GC heap before
{Heap before GC invocations=12 (full 0):
 garbage-first heap   total 86016K, used 65282K [0x0000000080000000, 0x0000000100000000)
  region size 1024K, 33 young (33792K), 2 survivors (2048K)
 Metaspace       used 52229K, committed 52736K, reserved 1114112K
  class space    used 6951K, committed 7168K, reserved 1048576K
}
Event: 6.190 GC heap after
{Heap after GC invocations=13 (full 0):
 garbage-first heap   total 86016K, used 36680K [0x0000000080000000, 0x0000000100000000)
  region size 1024K, 4 young (4096K), 4 survivors (4096K)
 Metaspace       used 52229K, committed 52736K, reserved 1114112K
  class space    used 6951K, committed 7168K, reserved 1048576K
}
Event: 12.895 GC heap before
{Heap before GC invocations=13 (full 0):
 garbage-first heap   total 86016K, used 71496K [0x0000000080000000, 0x0000000100000000)
  region size 1024K, 34 young (34816K), 4 survivors (4096K)
 Metaspace       used 53718K, committed 54144K, reserved 1114112K
  class space    used 7125K, committed 7296K, reserved 1048576K
}
Event: 12.900 GC heap after
{Heap after GC invocations=14 (full 0):
 garbage-first heap   total 86016K, used 48048K [0x0000000080000000, 0x0000000100000000)
  region size 1024K, 5 young (5120K), 5 survivors (5120K)
 Metaspace       used 53718K, committed 54144K, reserved 1114112K
  class space    used 7125K, committed 7296K, reserved 1048576K
}
Event: 12.910 GC heap before
{Heap before GC invocations=14 (full 0):
 garbage-first heap   total 86016K, used 48048K [0x0000000080000000, 0x0000000100000000)
  region size 1024K, 6 young (6144K), 5 survivors (5120K)
 Metaspace       used 53753K, committed 54272K, reserved 1114112K
  class space    used 7128K, committed 7360K, reserved 1048576K
}
Event: 12.912 GC heap after
{Heap after GC invocations=15 (full 0):
 garbage-first heap   total 86016K, used 48539K [0x0000000080000000, 0x0000000100000000)
  region size 1024K, 1 young (1024K), 1 survivors (1024K)
 Metaspace       used 53753K, committed 54272K, reserved 1114112K
  class space    used 7128K, committed 7360K, reserved 1048576K
}
Event: 13.125 GC heap before
{Heap before GC invocations=16 (full 0):
 garbage-first heap   total 89088K, used 66971K [0x0000000080000000, 0x0000000100000000)
  region size 1024K, 19 young (19456K), 1 survivors (1024K)
 Metaspace       used 55344K, committed 55808K, reserved 1114112K
  class space    used 7383K, committed 7552K, reserved 1048576K
}
Event: 13.127 GC heap after
{Heap after GC invocations=17 (full 0):
 garbage-first heap   total 89088K, used 49973K [0x0000000080000000, 0x0000000100000000)
  region size 1024K, 1 young (1024K), 1 survivors (1024K)
 Metaspace       used 55344K, committed 55808K, reserved 1114112K
  class space    used 7383K, committed 7552K, reserved 1048576K
}
Event: 13.372 GC heap before
{Heap before GC invocations=17 (full 0):
 garbage-first heap   total 89088K, used 70453K [0x0000000080000000, 0x0000000100000000)
  region size 1024K, 21 young (21504K), 1 survivors (1024K)
 Metaspace       used 57505K, committed 58048K, reserved 1114112K
  class space    used 7646K, committed 7872K, reserved 1048576K
}
Event: 13.374 GC heap after
{Heap after GC invocations=18 (full 0):
 garbage-first heap   total 89088K, used 50502K [0x0000000080000000, 0x0000000100000000)
  region size 1024K, 2 young (2048K), 2 survivors (2048K)
 Metaspace       used 57505K, committed 58048K, reserved 1114112K
  class space    used 7646K, committed 7872K, reserved 1048576K
}
Event: 13.629 GC heap before
{Heap before GC invocations=19 (full 0):
 garbage-first heap   total 92160K, used 70982K [0x0000000080000000, 0x0000000100000000)
  region size 1024K, 23 young (23552K), 2 survivors (2048K)
 Metaspace       used 59913K, committed 60416K, reserved 1114112K
  class space    used 7957K, committed 8192K, reserved 1048576K
}
Event: 13.632 GC heap after
{Heap after GC invocations=20 (full 0):
 garbage-first heap   total 110592K, used 51110K [0x0000000080000000, 0x0000000100000000)
  region size 1024K, 2 young (2048K), 2 survivors (2048K)
 Metaspace       used 59913K, committed 60416K, reserved 1114112K
  class space    used 7957K, committed 8192K, reserved 1048576K
}
Event: 14.024 GC heap before
{Heap before GC invocations=20 (full 0):
 garbage-first heap   total 110592K, used 74662K [0x0000000080000000, 0x0000000100000000)
  region size 1024K, 26 young (26624K), 2 survivors (2048K)
 Metaspace       used 64052K, committed 64640K, reserved 1114112K
  class space    used 8517K, committed 8832K, reserved 1048576K
}
Event: 14.027 GC heap after
{Heap after GC invocations=21 (full 0):
 garbage-first heap   total 110592K, used 53291K [0x0000000080000000, 0x0000000100000000)
  region size 1024K, 4 young (4096K), 4 survivors (4096K)
 Metaspace       used 64052K, committed 64640K, reserved 1114112K
  class space    used 8517K, committed 8832K, reserved 1048576K
}
Event: 14.081 GC heap before
{Heap before GC invocations=22 (full 0):
 garbage-first heap   total 110592K, used 65579K [0x0000000080000000, 0x0000000100000000)
  region size 1024K, 13 young (13312K), 4 survivors (4096K)
 Metaspace       used 64056K, committed 64640K, reserved 1114112K
  class space    used 8517K, committed 8832K, reserved 1048576K
}
Event: 14.085 GC heap after
{Heap after GC invocations=23 (full 0):
 garbage-first heap   total 110592K, used 59173K [0x0000000080000000, 0x0000000100000000)
  region size 1024K, 5 young (5120K), 5 survivors (5120K)
 Metaspace       used 64056K, committed 64640K, reserved 1114112K
  class space    used 8517K, committed 8832K, reserved 1048576K
}
Event: 14.349 GC heap before
{Heap before GC invocations=24 (full 0):
 garbage-first heap   total 110592K, used 83749K [0x0000000080000000, 0x0000000100000000)
  region size 1024K, 27 young (27648K), 5 survivors (5120K)
 Metaspace       used 65688K, committed 66240K, reserved 1114112K
  class space    used 8739K, committed 9024K, reserved 1048576K
}
Event: 14.352 GC heap after
{Heap after GC invocations=25 (full 0):
 garbage-first heap   total 110592K, used 56841K [0x0000000080000000, 0x0000000100000000)
  region size 1024K, 3 young (3072K), 3 survivors (3072K)
 Metaspace       used 65688K, committed 66240K, reserved 1114112K
  class space    used 8739K, committed 9024K, reserved 1048576K
}
Event: 14.367 GC heap before
{Heap before GC invocations=25 (full 0):
 garbage-first heap   total 110592K, used 58889K [0x0000000080000000, 0x0000000100000000)
  region size 1024K, 5 young (5120K), 3 survivors (3072K)
 Metaspace       used 65826K, committed 66368K, reserved 1114112K
  class space    used 8757K, committed 9024K, reserved 1048576K
}

Dll operation events (3 events):
Event: 0.007 Loaded shared library C:\Program Files\Android\Android Studio\jbr\bin\java.dll
Event: 0.149 Loaded shared library C:\Program Files\Android\Android Studio\jbr\bin\zip.dll
Event: 0.410 Loaded shared library C:\Program Files\Android\Android Studio\jbr\bin\verify.dll

Deoptimization events (20 events):
Event: 14.090 Thread 0x000001d5083f56b0 DEOPT PACKING pc=0x000001d56d50ad80 sp=0x0000003205af2e30
Event: 14.090 Thread 0x000001d5083f56b0 DEOPT UNPACKING pc=0x000001d5747cace3 sp=0x0000003205af22c0 mode 0
Event: 14.090 Thread 0x000001d5083f56b0 DEOPT PACKING pc=0x000001d56d50ad80 sp=0x0000003205af2c90
Event: 14.090 Thread 0x000001d5083f56b0 DEOPT UNPACKING pc=0x000001d5747cace3 sp=0x0000003205af2120 mode 0
Event: 14.245 Thread 0x000001d5083f56b0 Uncommon trap: trap_request=0xffffff45 fr.pc=0x000001d574eb7c58 relative=0x0000000000002f78
Event: 14.245 Thread 0x000001d5083f56b0 Uncommon trap: reason=unstable_if action=reinterpret pc=0x000001d574eb7c58 method=java.util.regex.Pattern.compile()V @ 133 c2
Event: 14.245 Thread 0x000001d5083f56b0 DEOPT PACKING pc=0x000001d574eb7c58 sp=0x0000003205af6540
Event: 14.245 Thread 0x000001d5083f56b0 DEOPT UNPACKING pc=0x000001d5747ca1a3 sp=0x0000003205af6528 mode 2
Event: 14.245 Thread 0x000001d5083f56b0 Uncommon trap: trap_request=0xffffff45 fr.pc=0x000001d574ef5458 relative=0x0000000000000058
Event: 14.245 Thread 0x000001d5083f56b0 Uncommon trap: reason=unstable_if action=reinterpret pc=0x000001d574ef5458 method=java.util.regex.Pattern.has(I)Z @ 6 c2
Event: 14.245 Thread 0x000001d5083f56b0 DEOPT PACKING pc=0x000001d574ef5458 sp=0x0000003205af6520
Event: 14.245 Thread 0x000001d5083f56b0 DEOPT UNPACKING pc=0x000001d5747ca1a3 sp=0x0000003205af64b0 mode 2
Event: 14.254 Thread 0x000001d5083f56b0 Uncommon trap: trap_request=0xffffffc6 fr.pc=0x000001d574d951a0 relative=0x0000000000001a60
Event: 14.254 Thread 0x000001d5083f56b0 Uncommon trap: reason=bimorphic_or_optimized_type_check action=maybe_recompile pc=0x000001d574d951a0 method=java.util.HashMap.putVal(ILjava/lang/Object;Ljava/lang/Object;ZZ)Ljava/lang/Object; @ 91 c2
Event: 14.254 Thread 0x000001d5083f56b0 DEOPT PACKING pc=0x000001d574d951a0 sp=0x0000003205af7390
Event: 14.254 Thread 0x000001d5083f56b0 DEOPT UNPACKING pc=0x000001d5747ca1a3 sp=0x0000003205af7258 mode 2
Event: 14.254 Thread 0x000001d5083f56b0 Uncommon trap: trap_request=0xffffffc6 fr.pc=0x000001d574d951a0 relative=0x0000000000001a60
Event: 14.254 Thread 0x000001d5083f56b0 Uncommon trap: reason=bimorphic_or_optimized_type_check action=maybe_recompile pc=0x000001d574d951a0 method=java.util.HashMap.putVal(ILjava/lang/Object;Ljava/lang/Object;ZZ)Ljava/lang/Object; @ 91 c2
Event: 14.254 Thread 0x000001d5083f56b0 DEOPT PACKING pc=0x000001d574d951a0 sp=0x0000003205af7390
Event: 14.254 Thread 0x000001d5083f56b0 DEOPT UNPACKING pc=0x000001d5747ca1a3 sp=0x0000003205af7258 mode 2

Classes unloaded (0 events):
No events

Classes redefined (0 events):
No events

Internal exceptions (20 events):
Event: 6.357 Thread 0x000001d5083f6ec0 Exception <a 'java/lang/NoSuchMethodError'{0x0000000084ac3d50}: static Lorg/gradle/internal/build/event/types/AbstractProjectConfigurationResult;.<clinit>()V> (0x0000000084ac3d50) 
thrown [s\src\hotspot\share\prims\jni.cpp, line 1108]
Event: 6.358 Thread 0x000001d5083f6ec0 Exception <a 'java/lang/NoSuchMethodError'{0x0000000084ac5248}: static Lorg/gradle/internal/build/event/types/AbstractOperationResult;.<clinit>()V> (0x0000000084ac5248) 
thrown [s\src\hotspot\share\prims\jni.cpp, line 1108]
Event: 6.358 Thread 0x000001d5083f6ec0 Exception <a 'java/lang/NoSuchMethodError'{0x0000000084ac6460}: static Lorg/gradle/internal/build/event/types/AbstractResult;.<clinit>()V> (0x0000000084ac6460) 
thrown [s\src\hotspot\share\prims\jni.cpp, line 1108]
Event: 6.359 Thread 0x000001d5083f6ec0 Exception <a 'java/lang/NoSuchMethodError'{0x0000000084adc760}: static Lorg/gradle/internal/build/event/types/DefaultPluginApplicationResult;.<clinit>()V> (0x0000000084adc760) 
thrown [s\src\hotspot\share\prims\jni.cpp, line 1108]
Event: 6.361 Thread 0x000001d5083f6ec0 Exception <a 'java/lang/NoSuchMethodError'{0x0000000084ae8378}: static Lorg/gradle/internal/build/event/types/DefaultBinaryPluginIdentifier;.<clinit>()V> (0x0000000084ae8378) 
thrown [s\src\hotspot\share\prims\jni.cpp, line 1108]
Event: 6.363 Thread 0x000001d5083f6ec0 Exception <a 'java/lang/NoSuchMethodError'{0x0000000084aff698}: static Lorg/gradle/internal/build/event/types/DefaultScriptPluginIdentifier;.<clinit>()V> (0x0000000084aff698) 
thrown [s\src\hotspot\share\prims\jni.cpp, line 1108]
Event: 6.391 Thread 0x000001d5083f56b0 Exception <a 'java/lang/ClassNotFoundException'{0x000000008494e218}: build_6b6h7nodrtd85xh7jbnbknx6rBeanInfo> (0x000000008494e218) 
thrown [s\src\hotspot\share\classfile\systemDictionary.cpp, line 256]
Event: 6.391 Thread 0x000001d5083f56b0 Exception <a 'java/lang/ClassNotFoundException'{0x0000000084954c58}: build_6b6h7nodrtd85xh7jbnbknx6rCustomizer> (0x0000000084954c58) 
thrown [s\src\hotspot\share\classfile\systemDictionary.cpp, line 256]
Event: 12.766 Thread 0x000001d5083f56b0 Exception <a 'java/lang/ClassNotFoundException'{0x00000000841e3988}: sun/misc/SharedSecrets> (0x00000000841e3988) 
thrown [s\src\hotspot\share\classfile\systemDictionary.cpp, line 256]
Event: 12.766 Thread 0x000001d5083f56b0 Exception <a 'java/lang/ClassNotFoundException'{0x00000000841e4cb8}: org/gradle/api/internal/plugins/DefaultObjectConfigurationActionBeanInfo> (0x00000000841e4cb8) 
thrown [s\src\hotspot\share\classfile\systemDictionary.cpp, line 256]
Event: 12.766 Thread 0x000001d5083f56b0 Exception <a 'java/lang/ClassNotFoundException'{0x00000000841f7750}: org/gradle/api/internal/plugins/DefaultObjectConfigurationActionCustomizer> (0x00000000841f7750) 
thrown [s\src\hotspot\share\classfile\systemDictionary.cpp, line 256]
Event: 13.014 Thread 0x000001d5083f56b0 Exception <a 'java/lang/NoSuchMethodError'{0x0000000084d55710}: 'java.lang.Object java.lang.invoke.DirectMethodHandle$Holder.newInvokeSpecial(java.lang.Object, java.lang.Object, java.lang.Object, java.lang.Object, int)'> (0x0000000084d55710) 
thrown [s\src\hotspot\share\interpreter\linkResolver.cpp, line 771]
Event: 13.015 Thread 0x000001d5083f56b0 Exception <a 'java/lang/NoSuchMethodError'{0x0000000084d5a8b0}: 'java.lang.Object java.lang.invoke.DirectMethodHandle$Holder.invokeSpecial(java.lang.Object, java.lang.Object, java.lang.Object, java.lang.Object, java.lang.Object, int)'> (0x0000000084d5a8b0) 
thrown [s\src\hotspot\share\interpreter\linkResolver.cpp, line 771]
Event: 13.015 Thread 0x000001d5083f56b0 Exception <a 'java/lang/NoSuchMethodError'{0x0000000084d5f388}: 'java.lang.Object java.lang.invoke.Invokers$Holder.linkToTargetMethod(java.lang.Object, java.lang.Object, java.lang.Object, int, java.lang.Object)'> (0x0000000084d5f388) 
thrown [s\src\hotspot\share\interpreter\linkResolver.cpp, line 771]
Event: 13.255 Thread 0x000001d5083f56b0 Exception <a 'java/lang/NoSuchMethodError'{0x0000000084d02120}: 'int java.lang.invoke.DirectMethodHandle$Holder.invokeInterface(java.lang.Object, java.lang.Object, java.lang.Object, java.lang.Object)'> (0x0000000084d02120) 
thrown [s\src\hotspot\share\interpreter\linkResolver.cpp, line 771]
Event: 13.765 Thread 0x000001d5083f56b0 Exception <a 'java/lang/IncompatibleClassChangeError'{0x000000008634d1d0}: Found class java.lang.Object, but interface was expected> (0x000000008634d1d0) 
thrown [s\src\hotspot\share\interpreter\linkResolver.cpp, line 838]
Event: 13.812 Thread 0x000001d5083f56b0 Implicit null exception at 0x000001d57503e4d9 to 0x000001d57503e678
Event: 13.812 Thread 0x000001d5083f56b0 Implicit null exception at 0x000001d57502083a to 0x000001d575020f60
Event: 13.924 Thread 0x000001d5083f56b0 Implicit null exception at 0x000001d574ef130c to 0x000001d574ef1442
Event: 14.154 Thread 0x000001d5083f56b0 Exception <a 'sun/nio/fs/WindowsException'{0x0000000086844d98}> (0x0000000086844d98) 
thrown [s\src\hotspot\share\prims\jni.cpp, line 517]

VM Operations (20 events):
Event: 13.898 Executing VM operation: HandshakeAllThreads done
Event: 13.932 Executing VM operation: HandshakeAllThreads
Event: 13.932 Executing VM operation: HandshakeAllThreads done
Event: 13.933 Executing VM operation: HandshakeAllThreads
Event: 13.933 Executing VM operation: HandshakeAllThreads done
Event: 14.024 Executing VM operation: G1TryInitiateConcMark
Event: 14.027 Executing VM operation: G1TryInitiateConcMark done
Event: 14.051 Executing VM operation: G1Concurrent
Event: 14.054 Executing VM operation: G1Concurrent done
Event: 14.068 Executing VM operation: G1Concurrent
Event: 14.068 Executing VM operation: G1Concurrent done
Event: 14.081 Executing VM operation: G1TryInitiateConcMark
Event: 14.085 Executing VM operation: G1TryInitiateConcMark done
Event: 14.111 Executing VM operation: G1Concurrent
Event: 14.113 Executing VM operation: G1Concurrent done
Event: 14.125 Executing VM operation: G1Concurrent
Event: 14.125 Executing VM operation: G1Concurrent done
Event: 14.349 Executing VM operation: G1CollectForAllocation
Event: 14.352 Executing VM operation: G1CollectForAllocation done
Event: 14.367 Executing VM operation: G1CollectForAllocation

Events (20 events):
Event: 13.958 loading class java/security/cert/CertPathValidatorException$Reason done
Event: 13.958 loading class java/security/cert/CertPathValidatorException$BasicReason done
Event: 13.958 loading class java/security/SignatureException
Event: 13.958 loading class java/security/SignatureException done
Event: 13.962 loading class sun/security/rsa/RSASignature$SHA256withRSA
Event: 13.962 loading class sun/security/rsa/RSASignature$SHA256withRSA done
Event: 13.964 loading class sun/security/provider/DSA$SHA256withDSA
Event: 13.964 loading class sun/security/provider/DSA$SHA256withDSA done
Event: 14.012 loading class java/util/Base64
Event: 14.012 loading class java/util/Base64 done
Event: 14.012 loading class java/util/Base64$Decoder
Event: 14.013 loading class java/util/Base64$Decoder done
Event: 14.013 loading class java/util/Base64$Encoder
Event: 14.013 loading class java/util/Base64$Encoder done
Event: 14.014 loading class java/util/jar/JarVerifier$VerifierStream
Event: 14.015 loading class java/util/jar/JarVerifier$VerifierStream done
Event: 14.015 loading class sun/security/util/ManifestEntryVerifier$SunProviderHolder
Event: 14.015 loading class sun/security/util/ManifestEntryVerifier$SunProviderHolder done
Event: 14.151 loading class java/security/KeyStore$ProtectionParameter
Event: 14.151 loading class java/security/KeyStore$ProtectionParameter done


Dynamic libraries:
0x00007ff734050000 - 0x00007ff73405a000 	C:\Program Files\Android\Android Studio\jbr\bin\java.exe
0x00007ffd6b110000 - 0x00007ffd6b308000 	C:\Windows\SYSTEM32\ntdll.dll
0x00007ffd695b0000 - 0x00007ffd69671000 	C:\Windows\System32\KERNEL32.DLL
0x00007ffd68bc0000 - 0x00007ffd68ebd000 	C:\Windows\System32\KERNELBASE.dll
0x00007ffd68f70000 - 0x00007ffd69070000 	C:\Windows\System32\ucrtbase.dll
0x00007ffd64020000 - 0x00007ffd64037000 	C:\Program Files\Android\Android Studio\jbr\bin\jli.dll
0x00007ffd691b0000 - 0x00007ffd6934d000 	C:\Windows\System32\USER32.dll
0x00007ffd4fe20000 - 0x00007ffd500ba000 	C:\Windows\WinSxS\amd64_microsoft.windows.common-controls_6595b64144ccf1df_6.0.19041.4355_none_60b8b9eb71f62e16\COMCTL32.dll
0x00007ffd68a40000 - 0x00007ffd68a62000 	C:\Windows\System32\win32u.dll
0x00007ffd69110000 - 0x00007ffd691ae000 	C:\Windows\System32\msvcrt.dll
0x00007ffd69680000 - 0x00007ffd696ab000 	C:\Windows\System32\GDI32.dll
0x00007ffd68a70000 - 0x00007ffd68b87000 	C:\Windows\System32\gdi32full.dll
0x00007ffd69070000 - 0x00007ffd6910d000 	C:\Windows\System32\msvcp_win.dll
0x00007ffd64230000 - 0x00007ffd6424b000 	C:\Program Files\Android\Android Studio\jbr\bin\VCRUNTIME140.dll
0x00007ffd6aec0000 - 0x00007ffd6aeef000 	C:\Windows\System32\IMM32.DLL
0x00007ffd64220000 - 0x00007ffd6422c000 	C:\Program Files\Android\Android Studio\jbr\bin\vcruntime140_1.dll
0x00007ffd418c0000 - 0x00007ffd4194d000 	C:\Program Files\Android\Android Studio\jbr\bin\msvcp140.dll
0x00007ffd0ce20000 - 0x00007ffd0daa0000 	C:\Program Files\Android\Android Studio\jbr\bin\server\jvm.dll
0x00007ffd69350000 - 0x00007ffd69400000 	C:\Windows\System32\ADVAPI32.dll
0x00007ffd69bb0000 - 0x00007ffd69c50000 	C:\Windows\System32\sechost.dll
0x00007ffd69e30000 - 0x00007ffd69f53000 	C:\Windows\System32\RPCRT4.dll
0x00007ffd68b90000 - 0x00007ffd68bb7000 	C:\Windows\System32\bcrypt.dll
0x00007ffd61d70000 - 0x00007ffd61d7a000 	C:\Windows\SYSTEM32\VERSION.dll
0x00007ffd57dd0000 - 0x00007ffd57df7000 	C:\Windows\SYSTEM32\WINMM.dll
0x00007ffd49e10000 - 0x00007ffd49e19000 	C:\Windows\SYSTEM32\WSOCK32.dll
0x00007ffd69f60000 - 0x00007ffd69fcb000 	C:\Windows\System32\WS2_32.dll
0x00007ffd66fc0000 - 0x00007ffd66fd2000 	C:\Windows\SYSTEM32\kernel.appcore.dll
0x00007ffd65b00000 - 0x00007ffd65b0a000 	C:\Program Files\Android\Android Studio\jbr\bin\jimage.dll
0x00007ffd665b0000 - 0x00007ffd66794000 	C:\Windows\SYSTEM32\DBGHELP.DLL
0x00007ffd53050000 - 0x00007ffd53084000 	C:\Windows\SYSTEM32\dbgcore.DLL
0x00007ffd689b0000 - 0x00007ffd68a32000 	C:\Windows\System32\bcryptPrimitives.dll
0x00007ffd64040000 - 0x00007ffd6404e000 	C:\Program Files\Android\Android Studio\jbr\bin\instrument.dll
0x00007ffd64340000 - 0x00007ffd64365000 	C:\Program Files\Android\Android Studio\jbr\bin\java.dll
0x00007ffd65ae0000 - 0x00007ffd65af8000 	C:\Program Files\Android\Android Studio\jbr\bin\zip.dll
0x00007ffd69fd0000 - 0x00007ffd6a73f000 	C:\Windows\System32\SHELL32.dll
0x00007ffd667a0000 - 0x00007ffd66f43000 	C:\Windows\SYSTEM32\windows.storage.dll
0x00007ffd69840000 - 0x00007ffd69b93000 	C:\Windows\System32\combase.dll
0x00007ffd681c0000 - 0x00007ffd681ee000 	C:\Windows\SYSTEM32\Wldp.dll
0x00007ffd6afd0000 - 0x00007ffd6b09d000 	C:\Windows\System32\OLEAUT32.dll
0x00007ffd6a880000 - 0x00007ffd6a92d000 	C:\Windows\System32\SHCORE.dll
0x00007ffd696b0000 - 0x00007ffd69705000 	C:\Windows\System32\shlwapi.dll
0x00007ffd686c0000 - 0x00007ffd686e4000 	C:\Windows\SYSTEM32\profapi.dll
0x00007ffd64a90000 - 0x00007ffd64aa9000 	C:\Program Files\Android\Android Studio\jbr\bin\net.dll
0x00007ffd5fe70000 - 0x00007ffd5ff7d000 	C:\Windows\SYSTEM32\WINHTTP.dll
0x00007ffd67ed0000 - 0x00007ffd67f3a000 	C:\Windows\system32\mswsock.dll
0x00007ffd64320000 - 0x00007ffd64336000 	C:\Program Files\Android\Android Studio\jbr\bin\nio.dll
0x00007ffd647f0000 - 0x00007ffd64800000 	C:\Program Files\Android\Android Studio\jbr\bin\verify.dll
0x00007ffd64250000 - 0x00007ffd64277000 	C:\Users\Huynh Huu Nghia\.gradle\native\68d5fa5c4cc2d200863cafc0d521ce42e7d3e7ee720ec0a83991735586a16f82\windows-amd64\native-platform.dll
0x00007ffd41770000 - 0x00007ffd418b4000 	C:\Users\Huynh Huu Nghia\.gradle\native\e376f236ea51e6404a007f0833ffe2c6e607c4080706a723a18a27aeea778392\windows-amd64\native-platform-file-events.dll
0x00007ffd64310000 - 0x00007ffd64319000 	C:\Program Files\Android\Android Studio\jbr\bin\management.dll
0x00007ffd642c0000 - 0x00007ffd642cb000 	C:\Program Files\Android\Android Studio\jbr\bin\management_ext.dll
0x00007ffd69ba0000 - 0x00007ffd69ba8000 	C:\Windows\System32\PSAPI.DLL
0x00007ffd680b0000 - 0x00007ffd680c8000 	C:\Windows\SYSTEM32\CRYPTSP.dll
0x00007ffd67790000 - 0x00007ffd677c4000 	C:\Windows\system32\rsaenh.dll
0x00007ffd68640000 - 0x00007ffd6866e000 	C:\Windows\SYSTEM32\USERENV.dll
0x00007ffd680d0000 - 0x00007ffd680dc000 	C:\Windows\SYSTEM32\CRYPTBASE.dll
0x00007ffd67b70000 - 0x00007ffd67bab000 	C:\Windows\SYSTEM32\IPHLPAPI.DLL
0x00007ffd69c50000 - 0x00007ffd69c58000 	C:\Windows\System32\NSI.dll
0x00007ffd614e0000 - 0x00007ffd614f7000 	C:\Windows\SYSTEM32\dhcpcsvc6.DLL
0x00007ffd61600000 - 0x00007ffd6161d000 	C:\Windows\SYSTEM32\dhcpcsvc.DLL
0x00007ffd67bd0000 - 0x00007ffd67c9a000 	C:\Windows\SYSTEM32\DNSAPI.dll
0x00007ffd64b20000 - 0x00007ffd64b27000 	C:\Windows\system32\wshunix.dll

dbghelp: loaded successfully - version: 4.0.5 - missing functions: none
symbol engine: initialized successfully - sym options: 0x614 - pdb path: .;C:\Program Files\Android\Android Studio\jbr\bin;C:\Windows\SYSTEM32;C:\Windows\WinSxS\amd64_microsoft.windows.common-controls_6595b64144ccf1df_6.0.19041.4355_none_60b8b9eb71f62e16;C:\Program Files\Android\Android Studio\jbr\bin\server;C:\Users\Huynh Huu Nghia\.gradle\native\68d5fa5c4cc2d200863cafc0d521ce42e7d3e7ee720ec0a83991735586a16f82\windows-amd64;C:\Users\Huynh Huu Nghia\.gradle\native\e376f236ea51e6404a007f0833ffe2c6e607c4080706a723a18a27aeea778392\windows-amd64

VM Arguments:
jvm_args: --add-opens=java.base/java.util=ALL-UNNAMED --add-opens=java.base/java.lang=ALL-UNNAMED --add-opens=java.base/java.lang.invoke=ALL-UNNAMED --add-opens=java.prefs/java.util.prefs=ALL-UNNAMED --add-opens=java.base/java.nio.charset=ALL-UNNAMED --add-opens=java.base/java.net=ALL-UNNAMED --add-opens=java.base/java.util.concurrent.atomic=ALL-UNNAMED -Xmx2048m -Dfile.encoding=UTF-8 -Duser.country=US -Duser.language=en -Duser.variant -javaagent:C:\Users\Huynh Huu Nghia\.gradle\wrapper\dists\gradle-8.2-bin\bbg7u40eoinfdyxsxr3z4i7ta\gradle-8.2\lib\agents\gradle-instrumentation-agent-8.2.jar 
java_command: org.gradle.launcher.daemon.bootstrap.GradleDaemon 8.2
java_class_path (initial): C:\Users\Huynh Huu Nghia\.gradle\wrapper\dists\gradle-8.2-bin\bbg7u40eoinfdyxsxr3z4i7ta\gradle-8.2\lib\gradle-launcher-8.2.jar
Launcher Type: SUN_STANDARD

[Global flags]
     intx CICompilerCount                          = 4                                         {product} {ergonomic}
     uint ConcGCThreads                            = 2                                         {product} {ergonomic}
     uint G1ConcRefinementThreads                  = 8                                         {product} {ergonomic}
   size_t G1HeapRegionSize                         = 1048576                                   {product} {ergonomic}
    uintx GCDrainStackTargetSize                   = 64                                        {product} {ergonomic}
   size_t InitialHeapSize                          = 132120576                                 {product} {ergonomic}
   size_t MarkStackSize                            = 4194304                                   {product} {ergonomic}
   size_t MaxHeapSize                              = 2147483648                                {product} {command line}
   size_t MaxNewSize                               = 1287651328                                {product} {ergonomic}
   size_t MinHeapDeltaBytes                        = 1048576                                   {product} {ergonomic}
   size_t MinHeapSize                              = 8388608                                   {product} {ergonomic}
    uintx NonNMethodCodeHeapSize                   = 5839372                                {pd product} {ergonomic}
    uintx NonProfiledCodeHeapSize                  = 122909434                              {pd product} {ergonomic}
    uintx ProfiledCodeHeapSize                     = 122909434                              {pd product} {ergonomic}
    uintx ReservedCodeCacheSize                    = 251658240                              {pd product} {ergonomic}
     bool SegmentedCodeCache                       = true                                      {product} {ergonomic}
   size_t SoftMaxHeapSize                          = 2147483648                             {manageable} {ergonomic}
     bool UseCompressedClassPointers               = true                           {product lp64_product} {ergonomic}
     bool UseCompressedOops                        = true                           {product lp64_product} {ergonomic}
     bool UseG1GC                                  = true                                      {product} {ergonomic}
     bool UseLargePagesIndividualAllocation        = false                                  {pd product} {ergonomic}

Logging:
Log output configuration:
 #0: stdout all=warning uptime,level,tags
 #1: stderr all=off uptime,level,tags

Environment Variables:
PATH=C:\Program Files\Common Files\Oracle\Java\javapath;C:\Windows\system32;C:\Windows;C:\Windows\System32\Wbem;C:\Windows\System32\WindowsPowerShell\v1.0\;C:\Windows\System32\OpenSSH\;C:\MinGW\bin;C:\Program Files\MySQL\MySQL Server 8.0\bin;C:\Program Files\Microsoft SQL Server\110\Tools\Binn\;C:\Program Files (x86)\Microsoft SQL Server\110\Tools\Binn\ManagementStudio\;C:\Program Files (x86)\Microsoft SQL Server\110\Tools\Binn\;C:\Program Files (x86)\Microsoft SQL Server\110\DTS\Binn\;C:\Program Files\Microsoft SQL Server\110\DTS\Binn\;C:\ProgramData\ComposerSetup\bin;C:\Program Files\Microsoft SQL Server\150\Tools\Binn\;C:\Program Files\nodejs\;C:\Program Files\Docker\Docker\resources\bin;C:\Program Files\Git\cmd;C:\Users\Huynh Huu Nghia\.console-ninja\.bin;C:\Users\Huynh Huu Nghia\AppData\Local\Programs\Python\Python310\Scripts\;C:\Users\Huynh Huu Nghia\AppData\Local\Programs\Python\Python310\;C:\Program Files\MySQL\MySQL Shell 8.0\bin\;C:\Users\Huynh Huu Nghia\AppData\Local\Programs\Python\Python38\Scripts\;C:\Users\Huynh Huu Nghia\AppData\Local\Programs\Python\Python38\;C:\Users\Huynh Huu Nghia\AppData\Local\Microsoft\WindowsApps;C:\Users\Huynh Huu Nghia\AppData\Local\Programs\Microsoft VS Code\bin;C:\Program Files\Azure Data Studio\bin;C:\Users\Huynh Huu Nghia\.dotnet\tools;C:\Program Files\Java\jdk15.0.2\bin;C:\xampp\php;C:\Users\Huynh Huu Nghia\AppData\Local\ComposerSetup\bin;C:\Users\Huynh Huu Nghia\AppData\Roaming\Composer\vendor\bin;C:\Users\Huynh Huu Nghia\AppData\Local\Android\Sdk\platform-tools;C:\Users\Huynh Huu Nghia\AppData\Roaming\npm;C:\Program Files\PostgreSQL\16\bin;
USERNAME=Huynh Huu Nghia
OS=Windows_NT
PROCESSOR_IDENTIFIER=Intel64 Family 6 Model 126 Stepping 5, GenuineIntel
TMP=C:\Users\HUYNHH~1\AppData\Local\Temp
TEMP=C:\Users\HUYNHH~1\AppData\Local\Temp


JNI global refs:
JNI global refs: 28, weak refs: 5

JNI global refs memory usage: 843, weak refs: 841

OOME stack traces (most recent first):
Classloader memory used:
Loader org.gradle.internal.classloader.VisitableURLClassLoader                         : 3409K
Loader bootstrap                                                                       : 2763K
Loader org.gradle.initialization.MixInLegacyTypesClassLoader                           : 1073K
Loader org.gradle.internal.classloader.VisitableURLClassLoader$InstrumentingVisitableURLClassLoader: 854K
Loader jdk.internal.loader.ClassLoaders$PlatformClassLoader                            : 65483B
Loader jdk.internal.loader.ClassLoaders$AppClassLoader                                 : 28452B
Loader jdk.internal.reflect.DelegatingClassLoader                                      : 25624B
Loader org.gradle.groovy.scripts.internal.DefaultScriptCompilationHandler$ScriptClassLoader: 9645B
Loader org.codehaus.groovy.runtime.callsite.CallSiteClassLoader                        : 1876B
Loader sun.reflect.misc.MethodUtil                                                     : 373B

Classes loaded by more than one classloader:
Class org.gradle.internal.installation.GradleInstallation                             : loaded 2 times (x 73B)
Class com.google.common.collect.Iterators$MergingIterator                             : loaded 2 times (x 79B)
Class org.objectweb.asm.ModuleVisitor                                                 : loaded 2 times (x 78B)
Class [Lcom.google.common.collect.AbstractMapEntry;                                   : loaded 2 times (x 67B)
Class com.google.common.collect.SingletonImmutableList                                : loaded 2 times (x 167B)
Class com.google.common.cache.CacheLoader$SupplierToCacheLoader                       : loaded 2 times (x 73B)
Class org.gradle.internal.classpath.ClassPath                                         : loaded 2 times (x 68B)
Class com.google.common.cache.RemovalListener                                         : loaded 2 times (x 68B)
Class org.gradle.api.internal.classpath.DefaultModuleRegistry                         : loaded 2 times (x 84B)
Class com.google.common.collect.ImmutableEnumSet                                      : loaded 2 times (x 144B)
Class com.google.common.collect.ListMultimap                                          : loaded 2 times (x 68B)
Class com.google.common.base.CharMatcher$JavaDigit                                    : loaded 2 times (x 109B)
Class com.google.common.base.CharMatcher$Digit                                        : loaded 2 times (x 110B)
Class com.google.common.collect.AbstractMultimap                                      : loaded 2 times (x 121B)
Class com.google.common.cache.CacheBuilder$OneWeigher                                 : loaded 2 times (x 80B)
Class org.gradle.api.Action                                                           : loaded 2 times (x 68B)
Class settings_3rwuar1jhjvjce8bbxvi4xno6$_run_closure1                                : loaded 2 times (x 134B)
Class com.google.common.collect.ImmutableEntry                                        : loaded 2 times (x 80B)
Class com.google.common.collect.Lists$StringAsImmutableList                           : loaded 2 times (x 167B)
Class com.google.common.cache.LocalCache$StrongEntry                                  : loaded 2 times (x 106B)
Class org.objectweb.asm.FieldWriter                                                   : loaded 2 times (x 75B)
Class com.google.common.base.CharMatcher                                              : loaded 2 times (x 109B)
Class com.google.common.base.CharMatcher$IsNot                                        : loaded 2 times (x 109B)
Class com.google.common.base.Splitter                                                 : loaded 2 times (x 70B)
Class [Lcom.google.common.cache.Weigher;                                              : loaded 2 times (x 67B)
Class com.google.common.collect.Iterators$ArrayItr                                    : loaded 2 times (x 95B)
Class com.google.common.cache.LocalCache$Segment                                      : loaded 2 times (x 152B)
Class org.gradle.api.internal.DefaultClassPathProvider                                : loaded 2 times (x 74B)
Class org.gradle.internal.installation.GradleInstallation$1                           : loaded 2 times (x 73B)
Class com.google.common.cache.LocalCache$AbstractReferenceEntry                       : loaded 2 times (x 105B)
Class org.objectweb.asm.Type                                                          : loaded 2 times (x 70B)
Class com.google.common.util.concurrent.AbstractFuture$Failure                        : loaded 2 times (x 70B)
Class com.google.common.base.CharMatcher$BitSetMatcher                                : loaded 2 times (x 110B)
Class com.google.common.collect.ImmutableMap$IteratorBasedImmutableMap                : loaded 2 times (x 123B)
Class com.google.common.collect.ImmutableMap                                          : loaded 2 times (x 118B)
Class com.google.common.base.Converter                                                : loaded 2 times (x 88B)
Class com.google.common.collect.ImmutableSet$EmptySetBuilderImpl                      : loaded 2 times (x 74B)
Class com.google.common.base.Equivalence                                              : loaded 2 times (x 80B)
Class com.google.common.primitives.Ints                                               : loaded 2 times (x 69B)
Class com.google.common.cache.LocalCache$EntryFactory$1                               : loaded 2 times (x 81B)
Class com.google.common.cache.LocalCache$EntryFactory$2                               : loaded 2 times (x 81B)
Class com.google.common.cache.LocalCache$EntryFactory$3                               : loaded 2 times (x 81B)
Class com.google.common.cache.LocalCache$EntryFactory$4                               : loaded 2 times (x 81B)
Class com.google.common.cache.LocalCache$EntryFactory$5                               : loaded 2 times (x 81B)
Class com.google.common.cache.LocalCache$EntryFactory$6                               : loaded 2 times (x 81B)
Class com.google.common.cache.LocalCache$EntryFactory$7                               : loaded 2 times (x 81B)
Class com.google.common.cache.LocalCache$EntryFactory$8                               : loaded 2 times (x 81B)
Class com.google.common.base.Predicate                                                : loaded 2 times (x 68B)
Class com.google.common.cache.LocalCache$StrongValueReference                         : loaded 2 times (x 88B)
Class org.gradle.internal.classloader.FilteringClassLoader                            : loaded 2 times (x 102B)
Class com.google.common.collect.RegularImmutableSet                                   : loaded 2 times (x 146B)
Class [Lcom.google.common.cache.LocalCache$Strength;                                  : loaded 2 times (x 67B)
Class org.gradle.internal.classpath.DefaultClassPath$ImmutableUniqueList$Builder      : loaded 2 times (x 73B)
Class com.google.common.collect.Maps$8                                                : loaded 2 times (x 80B)
Class com.google.common.base.PatternCompiler                                          : loaded 2 times (x 68B)
Class [Lcom.google.common.cache.CacheBuilder$NullListener;                            : loaded 2 times (x 67B)
Class com.google.common.base.CharMatcher$InRange                                      : loaded 2 times (x 109B)
Class com.google.common.collect.Sets$SetView                                          : loaded 2 times (x 136B)
Class com.google.common.collect.BiMap                                                 : loaded 2 times (x 68B)
Class com.google.common.collect.Lists                                                 : loaded 2 times (x 69B)
Class org.objectweb.asm.AnnotationWriter                                              : loaded 2 times (x 76B)
Class com.google.common.math.IntMath$1                                                : loaded 2 times (x 69B)
Class org.gradle.internal.classloader.ClassLoaderVisitor                              : loaded 2 times (x 74B)
Class org.objectweb.asm.Label                                                         : loaded 2 times (x 71B)
Class com.google.common.cache.CacheBuilder$NullListener                               : loaded 2 times (x 80B)
Class settings_3rwuar1jhjvjce8bbxvi4xno6                                              : loaded 2 times (x 177B)
Class com.google.common.math.MathPreconditions                                        : loaded 2 times (x 69B)
Class org.gradle.internal.service.DefaultServiceLocator                               : loaded 2 times (x 81B)
Class org.gradle.internal.service.UnknownServiceException                             : loaded 2 times (x 81B)
Class com.google.common.util.concurrent.AbstractFuture$SynchronizedHelper             : loaded 2 times (x 76B)
Class com.google.common.collect.ArrayListMultimap                                     : loaded 2 times (x 170B)
Class com.google.common.base.Strings                                                  : loaded 2 times (x 69B)
Class com.google.common.cache.CacheLoader$InvalidCacheLoadException                   : loaded 2 times (x 80B)
Class org.gradle.internal.classloader.DefaultClassLoaderFactory                       : loaded 2 times (x 80B)
Class com.google.common.collect.UnmodifiableIterator                                  : loaded 2 times (x 78B)
Class com.google.common.base.Stopwatch                                                : loaded 2 times (x 70B)
Class com.google.common.base.Platform$JdkPatternCompiler                              : loaded 2 times (x 73B)
Class com.google.common.cache.LocalCache$LoadingValueReference                        : loaded 2 times (x 94B)
Class com.google.common.base.CharMatcher$SingleWidth                                  : loaded 2 times (x 110B)
Class com.google.common.collect.Hashing                                               : loaded 2 times (x 69B)
Class com.google.common.base.JdkPattern                                               : loaded 2 times (x 73B)
Class com.google.common.collect.Multimap                                              : loaded 2 times (x 68B)
Class com.google.common.base.FunctionalEquivalence                                    : loaded 2 times (x 81B)
Class org.objectweb.asm.AnnotationVisitor                                             : loaded 2 times (x 75B)
Class org.objectweb.asm.RecordComponentWriter                                         : loaded 2 times (x 76B)
Class com.google.common.cache.LocalCache$1                                            : loaded 2 times (x 87B)
Class com.google.common.cache.LocalCache$2                                            : loaded 2 times (x 140B)
Class com.google.common.collect.RegularImmutableBiMap                                 : loaded 2 times (x 146B)
Class org.gradle.internal.classloader.VisitableURLClassLoader$Spec                    : loaded 2 times (x 72B)
Class org.gradle.api.GradleException                                                  : loaded 2 times (x 80B)
Class com.google.common.base.CharMatcher$JavaLetterOrDigit                            : loaded 2 times (x 109B)
Class org.gradle.api.internal.classpath.ModuleRegistry                                : loaded 2 times (x 68B)
Class com.google.common.collect.ForwardingObject                                      : loaded 2 times (x 70B)
Class com.google.common.cache.CacheBuilder                                            : loaded 2 times (x 70B)
Class org.objectweb.asm.ByteVector                                                    : loaded 2 times (x 76B)
Class com.google.common.collect.ImmutableCollection                                   : loaded 2 times (x 123B)
Class com.google.common.base.PairwiseEquivalence                                      : loaded 2 times (x 81B)
Class com.google.common.base.Ticker                                                   : loaded 2 times (x 70B)
Class org.gradle.api.internal.ClassPathProvider                                       : loaded 2 times (x 68B)
Class com.google.common.base.Ascii                                                    : loaded 2 times (x 69B)
Class com.google.common.collect.RegularImmutableMap$Values                            : loaded 2 times (x 167B)
Class org.objectweb.asm.ModuleWriter                                                  : loaded 2 times (x 79B)
Class org.gradle.internal.classloader.ClasspathUtil$1                                 : loaded 2 times (x 74B)
Class com.google.common.collect.ImmutableEnumMap                                      : loaded 2 times (x 123B)
Class com.google.common.collect.ForwardingMap                                         : loaded 2 times (x 130B)
Class com.google.common.collect.ImmutableList$ReverseImmutableList                    : loaded 2 times (x 168B)
Class com.google.common.cache.AbstractCache$StatsCounter                              : loaded 2 times (x 68B)
Class org.objectweb.asm.FieldVisitor                                                  : loaded 2 times (x 74B)
Class org.objectweb.asm.Symbol                                                        : loaded 2 times (x 71B)
Class com.google.common.cache.LocalCache$Strength$1                                   : loaded 2 times (x 79B)
Class com.google.common.cache.LocalCache$Strength$2                                   : loaded 2 times (x 79B)
Class com.google.common.cache.LocalCache$Strength$3                                   : loaded 2 times (x 79B)
Class org.gradle.internal.classloader.ClassLoaderFactory                              : loaded 2 times (x 68B)
Class com.google.common.collect.ObjectArrays                                          : loaded 2 times (x 69B)
Class settings_3rwuar1jhjvjce8bbxvi4xno6$_run_closure1$_closure2                      : loaded 2 times (x 134B)
Class com.google.common.util.concurrent.AbstractFuture$Waiter                         : loaded 2 times (x 70B)
Class com.google.common.util.concurrent.Uninterruptibles                              : loaded 2 times (x 69B)
Class com.google.common.collect.Iterators$10                                          : loaded 2 times (x 79B)
Class com.google.common.collect.ImmutableList                                         : loaded 2 times (x 166B)
Class org.gradle.api.internal.classpath.ManifestUtil                                  : loaded 2 times (x 69B)
Class org.gradle.api.specs.Spec                                                       : loaded 2 times (x 68B)
Class com.google.common.cache.CacheLoader$UnsupportedLoadingOperationException        : loaded 2 times (x 80B)
Class com.google.common.base.CharMatcher$Whitespace                                   : loaded 2 times (x 110B)
Class com.google.common.util.concurrent.ListenableFuture                              : loaded 2 times (x 68B)
Class com.google.common.collect.Iterators$1                                           : loaded 2 times (x 79B)
Class com.google.common.collect.Iterators$4                                           : loaded 2 times (x 80B)
Class com.google.common.collect.RegularImmutableMap$BucketOverflowException           : loaded 2 times (x 80B)
Class com.google.common.collect.Iterators$5                                           : loaded 2 times (x 80B)
Class com.google.common.util.concurrent.AbstractFuture$UnsafeAtomicHelper             : loaded 2 times (x 76B)
Class com.google.common.base.Equivalence$Equals                                       : loaded 2 times (x 80B)
Class com.google.common.base.Preconditions                                            : loaded 2 times (x 69B)
Class com.google.common.base.Function                                                 : loaded 2 times (x 68B)
Class com.google.common.collect.Iterators$9                                           : loaded 2 times (x 79B)
Class org.gradle.internal.IoActions                                                   : loaded 2 times (x 69B)
Class com.google.common.cache.ReferenceEntry                                          : loaded 2 times (x 68B)
Class com.google.common.collect.RegularImmutableMap$KeySet                            : loaded 2 times (x 148B)
Class com.google.common.collect.CollectPreconditions                                  : loaded 2 times (x 69B)
Class com.google.common.primitives.IntsMethodsForWeb                                  : loaded 2 times (x 69B)
Class com.google.common.collect.Maps                                                  : loaded 2 times (x 69B)
Class com.google.common.collect.RegularImmutableMap                                   : loaded 2 times (x 119B)
Class com.google.common.collect.AbstractIndexedListIterator                           : loaded 2 times (x 94B)
Class com.google.common.base.CharMatcher$None                                         : loaded 2 times (x 110B)
Class org.gradle.api.internal.classpath.EffectiveClassPath                            : loaded 2 times (x 88B)
Class com.google.common.collect.UnmodifiableListIterator                              : loaded 2 times (x 93B)
Class com.google.common.cache.CacheLoader$FunctionToCacheLoader                       : loaded 2 times (x 73B)
Class com.google.common.cache.CacheBuilder$1                                          : loaded 2 times (x 83B)
Class com.google.common.cache.CacheBuilder$2                                          : loaded 2 times (x 77B)
Class com.google.common.collect.ImmutableList$1                                       : loaded 2 times (x 95B)
Class com.google.common.base.Splitter$Strategy                                        : loaded 2 times (x 68B)
Class com.google.common.cache.CacheBuilder$3                                          : loaded 2 times (x 70B)
Class com.google.common.collect.ImmutableMapEntrySet$RegularEntrySet                  : loaded 2 times (x 149B)
Class [Lcom.google.common.cache.RemovalListener;                                      : loaded 2 times (x 67B)
Class [Lcom.google.common.collect.ImmutableMapEntry;                                  : loaded 2 times (x 67B)
Class org.gradle.internal.installation.CurrentGradleInstallation                      : loaded 2 times (x 71B)
Class org.gradle.internal.agents.InstrumentingClassLoader                             : loaded 2 times (x 68B)
Class org.gradle.internal.installation.CurrentGradleInstallationLocator               : loaded 2 times (x 69B)
Class [Lcom.google.common.cache.LocalCache$Segment;                                   : loaded 2 times (x 67B)
Class org.gradle.api.internal.classpath.Module                                        : loaded 2 times (x 68B)
Class com.google.common.base.Splitter$1$1                                             : loaded 2 times (x 84B)
Class com.google.common.collect.ImmutableSet$JdkBackedSetBuilderImpl                  : loaded 2 times (x 74B)
Class com.google.common.collect.ImmutableSet$RegularSetBuilderImpl                    : loaded 2 times (x 75B)
Class org.gradle.internal.service.CachingServiceLocator                               : loaded 2 times (x 80B)
Class [Lcom.google.common.collect.ImmutableEntry;                                     : loaded 2 times (x 67B)
Class org.gradle.internal.classpath.DefaultClassPath                                  : loaded 2 times (x 88B)
Class com.google.common.util.concurrent.AbstractFuture$SetFuture                      : loaded 2 times (x 73B)
Class com.google.common.base.Splitter$SplittingIterator                               : loaded 2 times (x 82B)
Class com.google.common.cache.LocalCache$LocalManualCache$1                           : loaded 2 times (x 73B)
Class org.objectweb.asm.SymbolTable$Entry                                             : loaded 2 times (x 72B)
Class [Lcom.google.common.cache.LocalCache$EntryFactory;                              : loaded 2 times (x 67B)
Class com.google.common.base.CharMatcher$Is                                           : loaded 2 times (x 109B)
Class com.google.common.base.Platform                                                 : loaded 2 times (x 69B)
Class com.google.common.collect.RegularImmutableAsList                                : loaded 2 times (x 176B)
Class com.google.common.collect.PeekingIterator                                       : loaded 2 times (x 68B)
Class com.google.common.collect.ImmutableMapEntrySet                                  : loaded 2 times (x 149B)
Class com.google.common.cache.CacheLoader                                             : loaded 2 times (x 72B)
Class com.google.common.collect.ImmutableBiMapFauxverideShim                          : loaded 2 times (x 118B)
Class org.objectweb.asm.MethodTooLargeException                                       : loaded 2 times (x 81B)
Class com.google.common.cache.Cache                                                   : loaded 2 times (x 68B)
Class org.gradle.internal.classloader.SystemClassLoaderSpec                           : loaded 2 times (x 69B)
Class com.google.common.util.concurrent.internal.InternalFutureFailureAccess          : loaded 2 times (x 70B)
Class com.google.common.primitives.Ints$IntConverter                                  : loaded 2 times (x 88B)
Class com.google.common.collect.SingletonImmutableSet                                 : loaded 2 times (x 144B)
Class [Lcom.google.common.base.AbstractIterator$State;                                : loaded 2 times (x 67B)
Class com.google.common.collect.ImmutableMap$Builder                                  : loaded 2 times (x 80B)
Class com.google.common.base.AbstractIterator                                         : loaded 2 times (x 78B)
Class org.objectweb.asm.ClassWriter                                                   : loaded 2 times (x 102B)
Class com.google.common.base.AbstractIterator$1                                       : loaded 2 times (x 69B)
Class [Lcom.google.common.cache.CacheBuilder$OneWeigher;                              : loaded 2 times (x 67B)
Class com.google.common.collect.Iterators                                             : loaded 2 times (x 69B)
Class com.google.common.base.CharMatcher$Ascii                                        : loaded 2 times (x 110B)
Class com.google.common.base.CharMatcher$1                                            : loaded 2 times (x 111B)
Class com.google.common.cache.LocalCache$ComputingValueReference                      : loaded 2 times (x 94B)
Class org.gradle.api.UncheckedIOException                                             : loaded 2 times (x 80B)
Class com.google.common.base.CharMatcher$And                                          : loaded 2 times (x 110B)
Class com.google.common.collect.IndexedImmutableSet                                   : loaded 2 times (x 148B)
Class com.google.common.collect.AbstractListMultimap                                  : loaded 2 times (x 170B)
Class com.google.common.base.CharMatcher$Any                                          : loaded 2 times (x 110B)
Class com.google.common.cache.LocalCache$Strength                                     : loaded 2 times (x 79B)
Class com.google.common.collect.ArrayListMultimapGwtSerializationDependencies         : loaded 2 times (x 170B)
Class com.google.common.base.CharMatcher$RangesMatcher                                : loaded 2 times (x 110B)
Class org.objectweb.asm.Handler                                                       : loaded 2 times (x 70B)
Class com.google.common.collect.ImmutableList$SubList                                 : loaded 2 times (x 168B)
Class com.google.common.cache.LocalCache$ValueReference                               : loaded 2 times (x 68B)
Class org.gradle.internal.classloader.ClasspathUtil                                   : loaded 2 times (x 69B)
Class org.objectweb.asm.CurrentFrame                                                  : loaded 2 times (x 71B)
Class com.google.common.util.concurrent.AbstractFuture                                : loaded 2 times (x 93B)
Class com.google.common.base.Splitter$1                                               : loaded 2 times (x 75B)
Class com.google.common.base.Ticker$1                                                 : loaded 2 times (x 70B)
Class com.google.common.collect.Maps$BiMapConverter                                   : loaded 2 times (x 88B)
Class org.gradle.api.internal.DefaultClassPathRegistry                                : loaded 2 times (x 74B)
Class com.google.common.util.concurrent.AbstractFuture$Cancellation                   : loaded 2 times (x 70B)
Class [Lorg.objectweb.asm.Symbol;                                                     : loaded 2 times (x 67B)
Class com.google.common.collect.ImmutableSet$SetBuilderImpl                           : loaded 2 times (x 74B)
Class org.gradle.api.internal.classpath.DefaultModuleRegistry$DefaultModule           : loaded 2 times (x 84B)
Class com.google.common.base.CharMatcher$JavaIsoControl                               : loaded 2 times (x 110B)
Class com.google.common.collect.ImmutableMap$1                                        : loaded 2 times (x 79B)
Class com.google.common.base.CharMatcher$Or                                           : loaded 2 times (x 110B)
Class com.google.common.base.Suppliers$SupplierOfInstance                             : loaded 2 times (x 77B)
Class org.objectweb.asm.RecordComponentVisitor                                        : loaded 2 times (x 75B)
Class com.google.common.collect.Iterables                                             : loaded 2 times (x 69B)
Class com.google.common.base.CharMatcher$JavaLowerCase                                : loaded 2 times (x 109B)
Class org.objectweb.asm.ClassTooLargeException                                        : loaded 2 times (x 81B)
Class org.gradle.api.internal.classpath.UnknownModuleException                        : loaded 2 times (x 80B)
Class com.google.common.util.concurrent.AbstractFuture$Listener                       : loaded 2 times (x 70B)
Class org.objectweb.asm.Edge                                                          : loaded 2 times (x 70B)
Class com.google.common.collect.Maps$EntryTransformer                                 : loaded 2 times (x 68B)
Class com.google.common.collect.ImmutableCollection$Builder                           : loaded 2 times (x 74B)
Class [Lorg.objectweb.asm.SymbolTable$Entry;                                          : loaded 2 times (x 67B)
Class com.google.common.collect.SingletonImmutableBiMap                               : loaded 2 times (x 141B)
Class com.google.common.base.CommonPattern                                            : loaded 2 times (x 72B)
Class com.google.common.base.Suppliers                                                : loaded 2 times (x 69B)
Class org.objectweb.asm.ClassVisitor                                                  : loaded 2 times (x 85B)
Class com.google.common.cache.LoadingCache                                            : loaded 2 times (x 68B)
Class org.gradle.internal.service.ServiceLookupException                              : loaded 2 times (x 80B)
Class org.gradle.cache.GlobalCache                                                    : loaded 2 times (x 68B)
Class com.google.common.base.CharMatcher$NegatedFastMatcher                           : loaded 2 times (x 111B)
Class [Lorg.gradle.api.internal.ClassPathProvider;                                    : loaded 2 times (x 67B)
Class com.google.common.util.concurrent.AbstractFuture$SafeAtomicHelper               : loaded 2 times (x 77B)
Class org.gradle.util.internal.GUtil                                                  : loaded 2 times (x 69B)
Class com.google.common.math.IntMath                                                  : loaded 2 times (x 69B)
Class com.google.common.collect.AbstractIterator                                      : loaded 2 times (x 80B)
Class org.gradle.internal.classloader.ClassLoaderSpec                                 : loaded 2 times (x 69B)
Class com.google.common.base.NullnessCasts                                            : loaded 2 times (x 69B)
Class org.objectweb.asm.Frame                                                         : loaded 2 times (x 71B)
Class com.google.common.cache.LocalCache$LocalManualCache                             : loaded 2 times (x 97B)
Class com.google.common.collect.AbstractMapEntry                                      : loaded 2 times (x 79B)
Class com.google.common.base.CharMatcher$Negated                                      : loaded 2 times (x 111B)
Class com.google.common.cache.CacheLoader$1                                           : loaded 2 times (x 73B)
Class com.google.common.util.concurrent.AbstractFuture$TrustedFuture                  : loaded 2 times (x 95B)
Class com.google.common.collect.Sets                                                  : loaded 2 times (x 69B)
Class com.google.common.collect.ImmutableSet$Builder                                  : loaded 2 times (x 83B)
Class com.google.common.base.CharMatcher$ForPredicate                                 : loaded 2 times (x 110B)
Class com.google.common.collect.ImmutableMap$MapViewOfValuesAsSingletonSets           : loaded 2 times (x 123B)
Class com.google.common.base.MoreObjects                                              : loaded 2 times (x 69B)
Class com.google.common.collect.SortedMapDifference                                   : loaded 2 times (x 68B)
Class org.objectweb.asm.SymbolTable                                                   : loaded 2 times (x 70B)
Class com.google.common.cache.CacheStats                                              : loaded 2 times (x 69B)
Class org.objectweb.asm.Attribute                                                     : loaded 2 times (x 75B)
Class org.gradle.internal.classloader.VisitableURLClassLoader                         : loaded 2 times (x 114B)
Class com.google.common.cache.LocalCache$LocalLoadingCache                            : loaded 2 times (x 132B)
Class com.google.common.base.Supplier                                                 : loaded 2 times (x 68B)
Class com.google.common.util.concurrent.AbstractFuture$AtomicHelper                   : loaded 2 times (x 76B)
Class com.google.common.collect.ImmutableBiMap                                        : loaded 2 times (x 141B)
Class org.gradle.internal.Cast                                                        : loaded 2 times (x 69B)
Class org.gradle.api.internal.ClassPathRegistry                                       : loaded 2 times (x 68B)
Class com.google.common.cache.LocalCache$EntryFactory                                 : loaded 2 times (x 81B)
Class com.google.common.util.concurrent.UncheckedExecutionException                   : loaded 2 times (x 80B)
Class com.google.common.collect.ImmutableSet                                          : loaded 2 times (x 143B)
Class org.gradle.internal.classloader.VisitableURLClassLoader$InstrumentingVisitableURLClassLoader: loaded 2 times (x 120B)
Class org.gradle.internal.classloader.ClassLoaderHierarchy                            : loaded 2 times (x 68B)
Class [Lorg.objectweb.asm.Type;                                                       : loaded 2 times (x 67B)
Class com.google.common.base.AbstractIterator$State                                   : loaded 2 times (x 77B)
Class com.google.common.cache.Weigher                                                 : loaded 2 times (x 68B)
Class com.google.common.base.CharMatcher$NamedFastMatcher                             : loaded 2 times (x 110B)
Class org.gradle.internal.InternalTransformer                                         : loaded 2 times (x 68B)
Class org.gradle.internal.service.ServiceLocator                                      : loaded 2 times (x 68B)
Class com.google.common.util.concurrent.SettableFuture                                : loaded 2 times (x 95B)
Class com.google.common.collect.ImmutableMapEntry                                     : loaded 2 times (x 83B)
Class com.google.common.base.CharMatcher$Invisible                                    : loaded 2 times (x 110B)
Class com.google.common.base.CharMatcher$FastMatcher                                  : loaded 2 times (x 109B)
Class org.gradle.internal.classpath.DefaultClassPath$ImmutableUniqueList              : loaded 2 times (x 159B)
Class com.google.common.base.CharMatcher$JavaLetter                                   : loaded 2 times (x 109B)
Class org.gradle.internal.classpath.TransformedClassPath                              : loaded 2 times (x 94B)
Class com.google.common.collect.MapDifference                                         : loaded 2 times (x 68B)
Class com.google.common.collect.Sets$1                                                : loaded 2 times (x 137B)
Class com.google.common.collect.Sets$2                                                : loaded 2 times (x 137B)
Class com.google.common.util.concurrent.AbstractFuture$Trusted                        : loaded 2 times (x 68B)
Class com.google.common.collect.Sets$3                                                : loaded 2 times (x 137B)
Class com.google.common.collect.Sets$4                                                : loaded 2 times (x 137B)
Class org.objectweb.asm.MethodWriter                                                  : loaded 2 times (x 103B)
Class com.google.common.collect.Platform                                              : loaded 2 times (x 69B)
Class com.google.common.collect.ImmutableAsList                                       : loaded 2 times (x 169B)
Class com.google.common.util.concurrent.ExecutionError                                : loaded 2 times (x 80B)
Class com.google.common.base.Equivalence$Identity                                     : loaded 2 times (x 80B)
Class com.google.common.base.CharMatcher$AnyOf                                        : loaded 2 times (x 110B)
Class com.google.common.base.CharMatcher$IsEither                                     : loaded 2 times (x 109B)
Class com.google.common.cache.LocalCache                                              : loaded 2 times (x 185B)
Class com.google.common.collect.RegularImmutableList                                  : loaded 2 times (x 172B)
Class com.google.common.util.concurrent.AbstractFuture$UnsafeAtomicHelper$1           : loaded 2 times (x 74B)
Class com.google.common.base.CharMatcher$JavaUpperCase                                : loaded 2 times (x 109B)
Class com.google.common.collect.Multiset                                              : loaded 2 times (x 68B)
Class com.google.common.collect.ImmutableSet$CachingAsList                            : loaded 2 times (x 145B)
Class org.objectweb.asm.MethodVisitor                                                 : loaded 2 times (x 102B)
Class com.google.common.collect.ImmutableMapEntry$NonTerminalImmutableMapEntry        : loaded 2 times (x 83B)
Class com.google.common.collect.AbstractMapBasedMultimap                              : loaded 2 times (x 137B)


---------------  S Y S T E M  ---------------

OS:
 Windows 10 , 64 bit Build 19041 (10.0.19041.4842)
OS uptime: 0 days 0:32 hours
Hyper-V role detected

CPU: total 8 (initial active 8) (4 cores per cpu, 2 threads per core) family 6 model 126 stepping 5 microcode 0x86, cx8, cmov, fxsr, ht, mmx, 3dnowpref, sse, sse2, sse3, ssse3, sse4.1, sse4.2, popcnt, lzcnt, tsc, tscinvbit, avx, avx2, aes, erms, clmul, bmi1, bmi2, adx, avx512f, avx512dq, avx512cd, avx512bw, avx512vl, sha, fma, vzeroupper, avx512_vpopcntdq, avx512_vpclmulqdq, avx512_vaes, avx512_vnni, clflush, clflushopt, avx512_vbmi2, avx512_vbmi, hv

Memory: 4k page, system-wide physical 7969M (299M free)
TotalPageFile size 11969M (AvailPageFile size 14M)
current process WorkingSet (physical memory assigned to process): 295M, peak: 298M
current process commit charge ("private bytes"): 329M, peak: 348M

vm_info: OpenJDK 64-Bit Server VM (17.0.7+0-b2043.56-10550314) for windows-amd64 JRE (17.0.7+0-b2043.56-10550314), built on Jul 24 2023 18:27:45 by "androidbuild" with MS VC++ 16.10 / 16.11 (VS2019)

END.
